{"C:\\Users\\User\\Desktop\\ufcg - 2024.1\\pdw\\projeto\\src\\app.js":{"path":"C:\\Users\\User\\Desktop\\ufcg - 2024.1\\pdw\\projeto\\src\\app.js","statementMap":{"0":{"start":{"line":1,"column":16},"end":{"line":1,"column":34}},"1":{"start":{"line":2,"column":12},"end":{"line":2,"column":21}},"2":{"start":{"line":3,"column":30},"end":{"line":3,"column":68}},"3":{"start":{"line":5,"column":36},"end":{"line":5,"column":69}},"4":{"start":{"line":6,"column":0},"end":{"line":6,"column":69}},"5":{"start":{"line":8,"column":0},"end":{"line":8,"column":24}},"6":{"start":{"line":10,"column":19},"end":{"line":10,"column":49}},"7":{"start":{"line":11,"column":22},"end":{"line":11,"column":55}},"8":{"start":{"line":12,"column":24},"end":{"line":12,"column":59}},"9":{"start":{"line":13,"column":21},"end":{"line":13,"column":53}},"10":{"start":{"line":14,"column":26},"end":{"line":14,"column":63}},"11":{"start":{"line":16,"column":0},"end":{"line":16,"column":30}},"12":{"start":{"line":18,"column":0},"end":{"line":18,"column":55}},"13":{"start":{"line":19,"column":0},"end":{"line":19,"column":59}},"14":{"start":{"line":20,"column":0},"end":{"line":20,"column":53}},"15":{"start":{"line":21,"column":0},"end":{"line":21,"column":63}},"16":{"start":{"line":23,"column":0},"end":{"line":25,"column":3}},"17":{"start":{"line":24,"column":2},"end":{"line":24,"column":31}},"18":{"start":{"line":27,"column":13},"end":{"line":27,"column":37}},"19":{"start":{"line":28,"column":15},"end":{"line":31,"column":2}},"20":{"start":{"line":29,"column":2},"end":{"line":29,"column":62}},"21":{"start":{"line":30,"column":2},"end":{"line":30,"column":78}},"22":{"start":{"line":32,"column":0},"end":{"line":32,"column":24}}},"fnMap":{"0":{"name":"(anonymous_0)","decl":{"start":{"line":23,"column":13},"end":{"line":23,"column":14}},"loc":{"start":{"line":23,"column":27},"end":{"line":25,"column":1}},"line":23},"1":{"name":"(anonymous_1)","decl":{"start":{"line":28,"column":32},"end":{"line":28,"column":33}},"loc":{"start":{"line":28,"column":38},"end":{"line":31,"column":1}},"line":28}},"branchMap":{"0":{"loc":{"start":{"line":27,"column":13},"end":{"line":27,"column":37}},"type":"binary-expr","locations":[{"start":{"line":27,"column":13},"end":{"line":27,"column":29}},{"start":{"line":27,"column":33},"end":{"line":27,"column":37}}],"line":27}},"s":{"0":1,"1":1,"2":1,"3":1,"4":1,"5":1,"6":1,"7":1,"8":1,"9":1,"10":1,"11":1,"12":1,"13":1,"14":1,"15":1,"16":1,"17":0,"18":1,"19":1,"20":1,"21":1,"22":1},"f":{"0":0,"1":1},"b":{"0":[1,1]},"_coverageSchema":"1a1c01bbd47fc00a2c39e90264f33305004495a9","hash":"e76c539677f500bc500ef3555e47938f8a411888","contentHash":"233a32e534f87a53c9f9d32ec26ada4f71893f0d6584d4f66bcaf6a9647a4889"},"C:\\Users\\User\\Desktop\\ufcg - 2024.1\\pdw\\projeto\\src\\middleware\\authMiddleware.js":{"path":"C:\\Users\\User\\Desktop\\ufcg - 2024.1\\pdw\\projeto\\src\\middleware\\authMiddleware.js","statementMap":{"0":{"start":{"line":1,"column":12},"end":{"line":1,"column":35}},"1":{"start":{"line":3,"column":19},"end":{"line":3,"column":57}},"2":{"start":{"line":8,"column":26},"end":{"line":24,"column":1}},"3":{"start":{"line":9,"column":21},"end":{"line":9,"column":49}},"4":{"start":{"line":11,"column":2},"end":{"line":13,"column":3}},"5":{"start":{"line":12,"column":4},"end":{"line":12,"column":82}},"6":{"start":{"line":15,"column":16},"end":{"line":15,"column":88}},"7":{"start":{"line":17,"column":2},"end":{"line":23,"column":5}},"8":{"start":{"line":18,"column":4},"end":{"line":20,"column":5}},"9":{"start":{"line":19,"column":6},"end":{"line":19,"column":76}},"10":{"start":{"line":21,"column":4},"end":{"line":21,"column":20}},"11":{"start":{"line":22,"column":4},"end":{"line":22,"column":11}},"12":{"start":{"line":29,"column":23},"end":{"line":34,"column":1}},"13":{"start":{"line":30,"column":2},"end":{"line":32,"column":3}},"14":{"start":{"line":31,"column":4},"end":{"line":31,"column":100}},"15":{"start":{"line":33,"column":2},"end":{"line":33,"column":9}},"16":{"start":{"line":36,"column":0},"end":{"line":36,"column":55}}},"fnMap":{"0":{"name":"(anonymous_0)","decl":{"start":{"line":8,"column":26},"end":{"line":8,"column":27}},"loc":{"start":{"line":8,"column":46},"end":{"line":24,"column":1}},"line":8},"1":{"name":"(anonymous_1)","decl":{"start":{"line":17,"column":32},"end":{"line":17,"column":33}},"loc":{"start":{"line":17,"column":47},"end":{"line":23,"column":3}},"line":17},"2":{"name":"(anonymous_2)","decl":{"start":{"line":29,"column":23},"end":{"line":29,"column":24}},"loc":{"start":{"line":29,"column":43},"end":{"line":34,"column":1}},"line":29}},"branchMap":{"0":{"loc":{"start":{"line":3,"column":19},"end":{"line":3,"column":57}},"type":"binary-expr","locations":[{"start":{"line":3,"column":19},"end":{"line":3,"column":41}},{"start":{"line":3,"column":45},"end":{"line":3,"column":57}}],"line":3},"1":{"loc":{"start":{"line":11,"column":2},"end":{"line":13,"column":3}},"type":"if","locations":[{"start":{"line":11,"column":2},"end":{"line":13,"column":3}},{"start":{},"end":{}}],"line":11},"2":{"loc":{"start":{"line":15,"column":16},"end":{"line":15,"column":88}},"type":"cond-expr","locations":[{"start":{"line":15,"column":51},"end":{"line":15,"column":75}},{"start":{"line":15,"column":78},"end":{"line":15,"column":88}}],"line":15},"3":{"loc":{"start":{"line":18,"column":4},"end":{"line":20,"column":5}},"type":"if","locations":[{"start":{"line":18,"column":4},"end":{"line":20,"column":5}},{"start":{},"end":{}}],"line":18},"4":{"loc":{"start":{"line":30,"column":2},"end":{"line":32,"column":3}},"type":"if","locations":[{"start":{"line":30,"column":2},"end":{"line":32,"column":3}},{"start":{},"end":{}}],"line":30},"5":{"loc":{"start":{"line":30,"column":6},"end":{"line":30,"column":52}},"type":"binary-expr","locations":[{"start":{"line":30,"column":6},"end":{"line":30,"column":15}},{"start":{"line":30,"column":19},"end":{"line":30,"column":52}}],"line":30}},"s":{"0":1,"1":1,"2":1,"3":8,"4":8,"5":0,"6":8,"7":8,"8":8,"9":8,"10":0,"11":0,"12":1,"13":0,"14":0,"15":0,"16":1},"f":{"0":8,"1":8,"2":0},"b":{"0":[1,1],"1":[0,8],"2":[8,0],"3":[8,0],"4":[0,0],"5":[0,0]},"_coverageSchema":"1a1c01bbd47fc00a2c39e90264f33305004495a9","hash":"5a6bafd1d450f6808e6b41bcf8adf20b7d43f2a1","contentHash":"825a300ed7cc6ea11238d577f669860ef49cb9e4cbead7cda113e7214a6c525b"},"C:\\Users\\User\\Desktop\\ufcg - 2024.1\\pdw\\projeto\\src\\config\\swaggerConfig.js":{"path":"C:\\Users\\User\\Desktop\\ufcg - 2024.1\\pdw\\projeto\\src\\config\\swaggerConfig.js","statementMap":{"0":{"start":{"line":1,"column":21},"end":{"line":1,"column":45}},"1":{"start":{"line":2,"column":18},"end":{"line":2,"column":47}},"2":{"start":{"line":4,"column":16},"end":{"line":19,"column":1}},"3":{"start":{"line":21,"column":21},"end":{"line":21,"column":42}},"4":{"start":{"line":23,"column":0},"end":{"line":23,"column":45}}},"fnMap":{},"branchMap":{},"s":{"0":1,"1":1,"2":1,"3":1,"4":1},"f":{},"b":{},"_coverageSchema":"1a1c01bbd47fc00a2c39e90264f33305004495a9","hash":"3e1013626050a2a06d9c073e3586e247df80ec0e","contentHash":"b69abc4e43a1f0af8077d4ab69a79e4b3add3bf22ad03186acde85b8551d09dc"},"C:\\Users\\User\\Desktop\\ufcg - 2024.1\\pdw\\projeto\\src\\routes\\userRoutes.js":{"path":"C:\\Users\\User\\Desktop\\ufcg - 2024.1\\pdw\\projeto\\src\\routes\\userRoutes.js","statementMap":{"0":{"start":{"line":1,"column":16},"end":{"line":1,"column":34}},"1":{"start":{"line":2,"column":15},"end":{"line":2,"column":31}},"2":{"start":{"line":3,"column":23},"end":{"line":3,"column":63}},"3":{"start":{"line":4,"column":46},"end":{"line":4,"column":85}},"4":{"start":{"line":5,"column":17},"end":{"line":5,"column":62}},"5":{"start":{"line":6,"column":41},"end":{"line":6,"column":74}},"6":{"start":{"line":46,"column":0},"end":{"line":46,"column":74}},"7":{"start":{"line":74,"column":0},"end":{"line":74,"column":55}},"8":{"start":{"line":93,"column":0},"end":{"line":93,"column":76}},"9":{"start":{"line":119,"column":0},"end":{"line":119,"column":66}},"10":{"start":{"line":160,"column":0},"end":{"line":160,"column":93}},"11":{"start":{"line":190,"column":0},"end":{"line":190,"column":68}},"12":{"start":{"line":192,"column":0},"end":{"line":192,"column":24}}},"fnMap":{},"branchMap":{},"s":{"0":1,"1":1,"2":1,"3":1,"4":1,"5":1,"6":1,"7":1,"8":1,"9":1,"10":1,"11":1,"12":1},"f":{},"b":{},"_coverageSchema":"1a1c01bbd47fc00a2c39e90264f33305004495a9","hash":"e4f579d3833ba49346859f14e2685afaa7b52c9b","contentHash":"311c6c052dfe28afb458cab5acb59d6803386d3ced42b648134ba504fcd76f6c"},"C:\\Users\\User\\Desktop\\ufcg - 2024.1\\pdw\\projeto\\src\\controllers\\userController.js":{"path":"C:\\Users\\User\\Desktop\\ufcg - 2024.1\\pdw\\projeto\\src\\controllers\\userController.js","statementMap":{"0":{"start":{"line":1,"column":20},"end":{"line":1,"column":54}},"1":{"start":{"line":2,"column":12},"end":{"line":2,"column":35}},"2":{"start":{"line":4,"column":19},"end":{"line":4,"column":57}},"3":{"start":{"line":5,"column":25},"end":{"line":5,"column":59}},"4":{"start":{"line":8,"column":0},"end":{"line":38,"column":2}},"5":{"start":{"line":9,"column":2},"end":{"line":37,"column":3}},"6":{"start":{"line":10,"column":42},"end":{"line":10,"column":50}},"7":{"start":{"line":12,"column":4},"end":{"line":14,"column":5}},"8":{"start":{"line":13,"column":6},"end":{"line":13,"column":79}},"9":{"start":{"line":16,"column":4},"end":{"line":18,"column":5}},"10":{"start":{"line":17,"column":6},"end":{"line":17,"column":89}},"11":{"start":{"line":20,"column":4},"end":{"line":22,"column":5}},"12":{"start":{"line":21,"column":6},"end":{"line":21,"column":90}},"13":{"start":{"line":24,"column":4},"end":{"line":26,"column":5}},"14":{"start":{"line":25,"column":6},"end":{"line":25,"column":97}},"15":{"start":{"line":29,"column":4},"end":{"line":31,"column":5}},"16":{"start":{"line":30,"column":6},"end":{"line":30,"column":107}},"17":{"start":{"line":33,"column":20},"end":{"line":33,"column":88}},"18":{"start":{"line":34,"column":4},"end":{"line":34,"column":87}},"19":{"start":{"line":36,"column":4},"end":{"line":36,"column":79}},"20":{"start":{"line":41,"column":0},"end":{"line":65,"column":2}},"21":{"start":{"line":42,"column":2},"end":{"line":64,"column":3}},"22":{"start":{"line":43,"column":28},"end":{"line":43,"column":36}},"23":{"start":{"line":45,"column":4},"end":{"line":47,"column":5}},"24":{"start":{"line":46,"column":6},"end":{"line":46,"column":79}},"25":{"start":{"line":49,"column":17},"end":{"line":49,"column":64}},"26":{"start":{"line":50,"column":4},"end":{"line":52,"column":5}},"27":{"start":{"line":51,"column":6},"end":{"line":51,"column":71}},"28":{"start":{"line":55,"column":18},"end":{"line":59,"column":5}},"29":{"start":{"line":61,"column":4},"end":{"line":61,"column":57}},"30":{"start":{"line":63,"column":4},"end":{"line":63,"column":84}},"31":{"start":{"line":68,"column":0},"end":{"line":79,"column":2}},"32":{"start":{"line":69,"column":2},"end":{"line":78,"column":3}},"33":{"start":{"line":70,"column":4},"end":{"line":72,"column":5}},"34":{"start":{"line":71,"column":6},"end":{"line":71,"column":102}},"35":{"start":{"line":74,"column":18},"end":{"line":74,"column":46}},"36":{"start":{"line":75,"column":4},"end":{"line":75,"column":32}},"37":{"start":{"line":77,"column":4},"end":{"line":77,"column":64}},"38":{"start":{"line":81,"column":0},"end":{"line":99,"column":2}},"39":{"start":{"line":82,"column":2},"end":{"line":98,"column":3}},"40":{"start":{"line":83,"column":19},"end":{"line":83,"column":29}},"41":{"start":{"line":84,"column":17},"end":{"line":84,"column":50}},"42":{"start":{"line":86,"column":4},"end":{"line":88,"column":5}},"43":{"start":{"line":87,"column":6},"end":{"line":87,"column":72}},"44":{"start":{"line":91,"column":4},"end":{"line":93,"column":5}},"45":{"start":{"line":92,"column":6},"end":{"line":92,"column":63}},"46":{"start":{"line":95,"column":4},"end":{"line":95,"column":31}},"47":{"start":{"line":97,"column":4},"end":{"line":97,"column":63}},"48":{"start":{"line":101,"column":0},"end":{"line":125,"column":2}},"49":{"start":{"line":102,"column":2},"end":{"line":124,"column":3}},"50":{"start":{"line":103,"column":19},"end":{"line":103,"column":29}},"51":{"start":{"line":104,"column":28},"end":{"line":104,"column":36}},"52":{"start":{"line":106,"column":4},"end":{"line":108,"column":5}},"53":{"start":{"line":107,"column":6},"end":{"line":107,"column":63}},"54":{"start":{"line":111,"column":24},"end":{"line":111,"column":57}},"55":{"start":{"line":112,"column":4},"end":{"line":114,"column":5}},"56":{"start":{"line":113,"column":6},"end":{"line":113,"column":72}},"57":{"start":{"line":116,"column":4},"end":{"line":118,"column":5}},"58":{"start":{"line":117,"column":6},"end":{"line":117,"column":77}},"59":{"start":{"line":120,"column":24},"end":{"line":120,"column":69}},"60":{"start":{"line":121,"column":4},"end":{"line":121,"column":95}},"61":{"start":{"line":123,"column":4},"end":{"line":123,"column":83}},"62":{"start":{"line":127,"column":0},"end":{"line":150,"column":2}},"63":{"start":{"line":128,"column":2},"end":{"line":149,"column":3}},"64":{"start":{"line":129,"column":19},"end":{"line":129,"column":29}},"65":{"start":{"line":131,"column":4},"end":{"line":133,"column":5}},"66":{"start":{"line":132,"column":6},"end":{"line":132,"column":63}},"67":{"start":{"line":136,"column":4},"end":{"line":143,"column":5}},"68":{"start":{"line":137,"column":20},"end":{"line":137,"column":48}},"69":{"start":{"line":138,"column":26},"end":{"line":138,"column":84}},"70":{"start":{"line":138,"column":47},"end":{"line":138,"column":76}},"71":{"start":{"line":140,"column":6},"end":{"line":142,"column":7}},"72":{"start":{"line":141,"column":8},"end":{"line":141,"column":96}},"73":{"start":{"line":145,"column":4},"end":{"line":145,"column":37}},"74":{"start":{"line":146,"column":4},"end":{"line":146,"column":71}},"75":{"start":{"line":148,"column":4},"end":{"line":148,"column":81}}},"fnMap":{"0":{"name":"(anonymous_0)","decl":{"start":{"line":8,"column":21},"end":{"line":8,"column":22}},"loc":{"start":{"line":8,"column":41},"end":{"line":38,"column":1}},"line":8},"1":{"name":"(anonymous_1)","decl":{"start":{"line":41,"column":27},"end":{"line":41,"column":28}},"loc":{"start":{"line":41,"column":47},"end":{"line":65,"column":1}},"line":41},"2":{"name":"(anonymous_2)","decl":{"start":{"line":68,"column":19},"end":{"line":68,"column":20}},"loc":{"start":{"line":68,"column":39},"end":{"line":79,"column":1}},"line":68},"3":{"name":"(anonymous_3)","decl":{"start":{"line":81,"column":22},"end":{"line":81,"column":23}},"loc":{"start":{"line":81,"column":42},"end":{"line":99,"column":1}},"line":81},"4":{"name":"(anonymous_4)","decl":{"start":{"line":101,"column":21},"end":{"line":101,"column":22}},"loc":{"start":{"line":101,"column":41},"end":{"line":125,"column":1}},"line":101},"5":{"name":"(anonymous_5)","decl":{"start":{"line":127,"column":21},"end":{"line":127,"column":22}},"loc":{"start":{"line":127,"column":41},"end":{"line":150,"column":1}},"line":127},"6":{"name":"(anonymous_6)","decl":{"start":{"line":138,"column":39},"end":{"line":138,"column":40}},"loc":{"start":{"line":138,"column":47},"end":{"line":138,"column":76}},"line":138}},"branchMap":{"0":{"loc":{"start":{"line":4,"column":19},"end":{"line":4,"column":57}},"type":"binary-expr","locations":[{"start":{"line":4,"column":19},"end":{"line":4,"column":41}},{"start":{"line":4,"column":45},"end":{"line":4,"column":57}}],"line":4},"1":{"loc":{"start":{"line":5,"column":25},"end":{"line":5,"column":59}},"type":"binary-expr","locations":[{"start":{"line":5,"column":25},"end":{"line":5,"column":51}},{"start":{"line":5,"column":55},"end":{"line":5,"column":59}}],"line":5},"2":{"loc":{"start":{"line":12,"column":4},"end":{"line":14,"column":5}},"type":"if","locations":[{"start":{"line":12,"column":4},"end":{"line":14,"column":5}},{"start":{},"end":{}}],"line":12},"3":{"loc":{"start":{"line":12,"column":8},"end":{"line":12,"column":23}},"type":"binary-expr","locations":[{"start":{"line":12,"column":8},"end":{"line":12,"column":13}},{"start":{"line":12,"column":17},"end":{"line":12,"column":23}}],"line":12},"4":{"loc":{"start":{"line":16,"column":4},"end":{"line":18,"column":5}},"type":"if","locations":[{"start":{"line":16,"column":4},"end":{"line":18,"column":5}},{"start":{},"end":{}}],"line":16},"5":{"loc":{"start":{"line":20,"column":4},"end":{"line":22,"column":5}},"type":"if","locations":[{"start":{"line":20,"column":4},"end":{"line":22,"column":5}},{"start":{},"end":{}}],"line":20},"6":{"loc":{"start":{"line":24,"column":4},"end":{"line":26,"column":5}},"type":"if","locations":[{"start":{"line":24,"column":4},"end":{"line":26,"column":5}},{"start":{},"end":{}}],"line":24},"7":{"loc":{"start":{"line":24,"column":8},"end":{"line":24,"column":68}},"type":"binary-expr","locations":[{"start":{"line":24,"column":8},"end":{"line":24,"column":20}},{"start":{"line":24,"column":24},"end":{"line":24,"column":68}}],"line":24},"8":{"loc":{"start":{"line":29,"column":4},"end":{"line":31,"column":5}},"type":"if","locations":[{"start":{"line":29,"column":4},"end":{"line":31,"column":5}},{"start":{},"end":{}}],"line":29},"9":{"loc":{"start":{"line":29,"column":8},"end":{"line":29,"column":84}},"type":"binary-expr","locations":[{"start":{"line":29,"column":8},"end":{"line":29,"column":32}},{"start":{"line":29,"column":37},"end":{"line":29,"column":46}},{"start":{"line":29,"column":50},"end":{"line":29,"column":83}}],"line":29},"10":{"loc":{"start":{"line":33,"column":62},"end":{"line":33,"column":87}},"type":"binary-expr","locations":[{"start":{"line":33,"column":62},"end":{"line":33,"column":74}},{"start":{"line":33,"column":78},"end":{"line":33,"column":87}}],"line":33},"11":{"loc":{"start":{"line":36,"column":34},"end":{"line":36,"column":75}},"type":"binary-expr","locations":[{"start":{"line":36,"column":34},"end":{"line":36,"column":47}},{"start":{"line":36,"column":51},"end":{"line":36,"column":75}}],"line":36},"12":{"loc":{"start":{"line":45,"column":4},"end":{"line":47,"column":5}},"type":"if","locations":[{"start":{"line":45,"column":4},"end":{"line":47,"column":5}},{"start":{},"end":{}}],"line":45},"13":{"loc":{"start":{"line":45,"column":8},"end":{"line":45,"column":23}},"type":"binary-expr","locations":[{"start":{"line":45,"column":8},"end":{"line":45,"column":13}},{"start":{"line":45,"column":17},"end":{"line":45,"column":23}}],"line":45},"14":{"loc":{"start":{"line":50,"column":4},"end":{"line":52,"column":5}},"type":"if","locations":[{"start":{"line":50,"column":4},"end":{"line":52,"column":5}},{"start":{},"end":{}}],"line":50},"15":{"loc":{"start":{"line":63,"column":34},"end":{"line":63,"column":80}},"type":"binary-expr","locations":[{"start":{"line":63,"column":34},"end":{"line":63,"column":47}},{"start":{"line":63,"column":51},"end":{"line":63,"column":80}}],"line":63},"16":{"loc":{"start":{"line":70,"column":4},"end":{"line":72,"column":5}},"type":"if","locations":[{"start":{"line":70,"column":4},"end":{"line":72,"column":5}},{"start":{},"end":{}}],"line":70},"17":{"loc":{"start":{"line":86,"column":4},"end":{"line":88,"column":5}},"type":"if","locations":[{"start":{"line":86,"column":4},"end":{"line":88,"column":5}},{"start":{},"end":{}}],"line":86},"18":{"loc":{"start":{"line":91,"column":4},"end":{"line":93,"column":5}},"type":"if","locations":[{"start":{"line":91,"column":4},"end":{"line":93,"column":5}},{"start":{},"end":{}}],"line":91},"19":{"loc":{"start":{"line":91,"column":8},"end":{"line":91,"column":73}},"type":"binary-expr","locations":[{"start":{"line":91,"column":8},"end":{"line":91,"column":36}},{"start":{"line":91,"column":40},"end":{"line":91,"column":73}}],"line":91},"20":{"loc":{"start":{"line":106,"column":4},"end":{"line":108,"column":5}},"type":"if","locations":[{"start":{"line":106,"column":4},"end":{"line":108,"column":5}},{"start":{},"end":{}}],"line":106},"21":{"loc":{"start":{"line":106,"column":8},"end":{"line":106,"column":73}},"type":"binary-expr","locations":[{"start":{"line":106,"column":8},"end":{"line":106,"column":36}},{"start":{"line":106,"column":40},"end":{"line":106,"column":73}}],"line":106},"22":{"loc":{"start":{"line":112,"column":4},"end":{"line":114,"column":5}},"type":"if","locations":[{"start":{"line":112,"column":4},"end":{"line":114,"column":5}},{"start":{},"end":{}}],"line":112},"23":{"loc":{"start":{"line":116,"column":4},"end":{"line":118,"column":5}},"type":"if","locations":[{"start":{"line":116,"column":4},"end":{"line":118,"column":5}},{"start":{},"end":{}}],"line":116},"24":{"loc":{"start":{"line":116,"column":8},"end":{"line":116,"column":23}},"type":"binary-expr","locations":[{"start":{"line":116,"column":8},"end":{"line":116,"column":13}},{"start":{"line":116,"column":17},"end":{"line":116,"column":23}}],"line":116},"25":{"loc":{"start":{"line":123,"column":34},"end":{"line":123,"column":79}},"type":"binary-expr","locations":[{"start":{"line":123,"column":34},"end":{"line":123,"column":47}},{"start":{"line":123,"column":51},"end":{"line":123,"column":79}}],"line":123},"26":{"loc":{"start":{"line":131,"column":4},"end":{"line":133,"column":5}},"type":"if","locations":[{"start":{"line":131,"column":4},"end":{"line":133,"column":5}},{"start":{},"end":{}}],"line":131},"27":{"loc":{"start":{"line":131,"column":8},"end":{"line":131,"column":73}},"type":"binary-expr","locations":[{"start":{"line":131,"column":8},"end":{"line":131,"column":36}},{"start":{"line":131,"column":40},"end":{"line":131,"column":73}}],"line":131},"28":{"loc":{"start":{"line":136,"column":4},"end":{"line":143,"column":5}},"type":"if","locations":[{"start":{"line":136,"column":4},"end":{"line":143,"column":5}},{"start":{},"end":{}}],"line":136},"29":{"loc":{"start":{"line":140,"column":6},"end":{"line":142,"column":7}},"type":"if","locations":[{"start":{"line":140,"column":6},"end":{"line":142,"column":7}},{"start":{},"end":{}}],"line":140},"30":{"loc":{"start":{"line":140,"column":10},"end":{"line":140,"column":59}},"type":"binary-expr","locations":[{"start":{"line":140,"column":10},"end":{"line":140,"column":27}},{"start":{"line":140,"column":31},"end":{"line":140,"column":59}}],"line":140},"31":{"loc":{"start":{"line":148,"column":34},"end":{"line":148,"column":77}},"type":"binary-expr","locations":[{"start":{"line":148,"column":34},"end":{"line":148,"column":47}},{"start":{"line":148,"column":51},"end":{"line":148,"column":77}}],"line":148}},"s":{"0":1,"1":1,"2":1,"3":1,"4":1,"5":5,"6":5,"7":5,"8":0,"9":5,"10":0,"11":5,"12":0,"13":5,"14":0,"15":5,"16":0,"17":5,"18":0,"19":5,"20":1,"21":0,"22":0,"23":0,"24":0,"25":0,"26":0,"27":0,"28":0,"29":0,"30":0,"31":1,"32":0,"33":0,"34":0,"35":0,"36":0,"37":0,"38":1,"39":0,"40":0,"41":0,"42":0,"43":0,"44":0,"45":0,"46":0,"47":0,"48":1,"49":0,"50":0,"51":0,"52":0,"53":0,"54":0,"55":0,"56":0,"57":0,"58":0,"59":0,"60":0,"61":0,"62":1,"63":0,"64":0,"65":0,"66":0,"67":0,"68":0,"69":0,"70":0,"71":0,"72":0,"73":0,"74":0,"75":0},"f":{"0":5,"1":0,"2":0,"3":0,"4":0,"5":0,"6":0},"b":{"0":[1,1],"1":[1,1],"2":[0,5],"3":[5,5],"4":[0,5],"5":[0,5],"6":[0,5],"7":[5,0],"8":[0,5],"9":[5,0,0],"10":[5,5],"11":[5,0],"12":[0,0],"13":[0,0],"14":[0,0],"15":[0,0],"16":[0,0],"17":[0,0],"18":[0,0],"19":[0,0],"20":[0,0],"21":[0,0],"22":[0,0],"23":[0,0],"24":[0,0],"25":[0,0],"26":[0,0],"27":[0,0],"28":[0,0],"29":[0,0],"30":[0,0],"31":[0,0]},"_coverageSchema":"1a1c01bbd47fc00a2c39e90264f33305004495a9","hash":"27b16dc5a9840bbd670048c181bf23064d8a1584","contentHash":"b10446a30c69420ca7bd4687c074c79e62369db183d9a51003bde2b73529f9a6"},"C:\\Users\\User\\Desktop\\ufcg - 2024.1\\pdw\\projeto\\src\\services\\userService.js":{"path":"C:\\Users\\User\\Desktop\\ufcg - 2024.1\\pdw\\projeto\\src\\services\\userService.js","statementMap":{"0":{"start":{"line":1,"column":18},"end":{"line":1,"column":48}},"1":{"start":{"line":2,"column":15},"end":{"line":2,"column":32}},"2":{"start":{"line":4,"column":0},"end":{"line":10,"column":2}},"3":{"start":{"line":5,"column":2},"end":{"line":9,"column":3}},"4":{"start":{"line":6,"column":4},"end":{"line":6,"column":41}},"5":{"start":{"line":8,"column":4},"end":{"line":8,"column":48}},"6":{"start":{"line":12,"column":0},"end":{"line":22,"column":2}},"7":{"start":{"line":13,"column":2},"end":{"line":21,"column":3}},"8":{"start":{"line":14,"column":17},"end":{"line":14,"column":48}},"9":{"start":{"line":15,"column":4},"end":{"line":17,"column":5}},"10":{"start":{"line":16,"column":6},"end":{"line":16,"column":49}},"11":{"start":{"line":18,"column":4},"end":{"line":18,"column":16}},"12":{"start":{"line":20,"column":4},"end":{"line":20,"column":47}},"13":{"start":{"line":25,"column":0},"end":{"line":39,"column":2}},"14":{"start":{"line":26,"column":2},"end":{"line":38,"column":3}},"15":{"start":{"line":27,"column":25},"end":{"line":27,"column":60}},"16":{"start":{"line":28,"column":4},"end":{"line":30,"column":5}},"17":{"start":{"line":29,"column":6},"end":{"line":29,"column":57}},"18":{"start":{"line":33,"column":27},"end":{"line":33,"column":55}},"19":{"start":{"line":35,"column":4},"end":{"line":35,"column":74}},"20":{"start":{"line":37,"column":4},"end":{"line":37,"column":63}},"21":{"start":{"line":41,"column":0},"end":{"line":57,"column":2}},"22":{"start":{"line":42,"column":2},"end":{"line":56,"column":3}},"23":{"start":{"line":43,"column":17},"end":{"line":43,"column":52}},"24":{"start":{"line":44,"column":4},"end":{"line":46,"column":5}},"25":{"start":{"line":45,"column":6},"end":{"line":45,"column":48}},"26":{"start":{"line":48,"column":25},"end":{"line":48,"column":64}},"27":{"start":{"line":49,"column":4},"end":{"line":51,"column":5}},"28":{"start":{"line":50,"column":6},"end":{"line":50,"column":48}},"29":{"start":{"line":53,"column":4},"end":{"line":53,"column":16}},"30":{"start":{"line":55,"column":4},"end":{"line":55,"column":73}},"31":{"start":{"line":59,"column":0},"end":{"line":75,"column":2}},"32":{"start":{"line":60,"column":2},"end":{"line":74,"column":3}},"33":{"start":{"line":61,"column":17},"end":{"line":61,"column":48}},"34":{"start":{"line":62,"column":4},"end":{"line":64,"column":5}},"35":{"start":{"line":63,"column":6},"end":{"line":63,"column":49}},"36":{"start":{"line":66,"column":25},"end":{"line":66,"column":29}},"37":{"start":{"line":67,"column":4},"end":{"line":69,"column":5}},"38":{"start":{"line":68,"column":6},"end":{"line":68,"column":52}},"39":{"start":{"line":71,"column":4},"end":{"line":71,"column":64}},"40":{"start":{"line":73,"column":4},"end":{"line":73,"column":67}},"41":{"start":{"line":77,"column":0},"end":{"line":88,"column":2}},"42":{"start":{"line":78,"column":2},"end":{"line":87,"column":3}},"43":{"start":{"line":79,"column":17},"end":{"line":79,"column":48}},"44":{"start":{"line":80,"column":4},"end":{"line":82,"column":5}},"45":{"start":{"line":81,"column":6},"end":{"line":81,"column":49}},"46":{"start":{"line":84,"column":4},"end":{"line":84,"column":68}},"47":{"start":{"line":86,"column":4},"end":{"line":86,"column":65}}},"fnMap":{"0":{"name":"(anonymous_0)","decl":{"start":{"line":4,"column":19},"end":{"line":4,"column":20}},"loc":{"start":{"line":4,"column":31},"end":{"line":10,"column":1}},"line":4},"1":{"name":"(anonymous_1)","decl":{"start":{"line":12,"column":22},"end":{"line":12,"column":23}},"loc":{"start":{"line":12,"column":36},"end":{"line":22,"column":1}},"line":12},"2":{"name":"(anonymous_2)","decl":{"start":{"line":25,"column":21},"end":{"line":25,"column":22}},"loc":{"start":{"line":25,"column":70},"end":{"line":39,"column":1}},"line":25},"3":{"name":"(anonymous_3)","decl":{"start":{"line":41,"column":27},"end":{"line":41,"column":28}},"loc":{"start":{"line":41,"column":50},"end":{"line":57,"column":1}},"line":41},"4":{"name":"(anonymous_4)","decl":{"start":{"line":59,"column":21},"end":{"line":59,"column":22}},"loc":{"start":{"line":59,"column":48},"end":{"line":75,"column":1}},"line":59},"5":{"name":"(anonymous_5)","decl":{"start":{"line":77,"column":21},"end":{"line":77,"column":22}},"loc":{"start":{"line":77,"column":61},"end":{"line":88,"column":1}},"line":77}},"branchMap":{"0":{"loc":{"start":{"line":15,"column":4},"end":{"line":17,"column":5}},"type":"if","locations":[{"start":{"line":15,"column":4},"end":{"line":17,"column":5}},{"start":{},"end":{}}],"line":15},"1":{"loc":{"start":{"line":25,"column":41},"end":{"line":25,"column":65}},"type":"default-arg","locations":[{"start":{"line":25,"column":56},"end":{"line":25,"column":65}}],"line":25},"2":{"loc":{"start":{"line":28,"column":4},"end":{"line":30,"column":5}},"type":"if","locations":[{"start":{"line":28,"column":4},"end":{"line":30,"column":5}},{"start":{},"end":{}}],"line":28},"3":{"loc":{"start":{"line":37,"column":20},"end":{"line":37,"column":61}},"type":"binary-expr","locations":[{"start":{"line":37,"column":20},"end":{"line":37,"column":33}},{"start":{"line":37,"column":37},"end":{"line":37,"column":61}}],"line":37},"4":{"loc":{"start":{"line":44,"column":4},"end":{"line":46,"column":5}},"type":"if","locations":[{"start":{"line":44,"column":4},"end":{"line":46,"column":5}},{"start":{},"end":{}}],"line":44},"5":{"loc":{"start":{"line":49,"column":4},"end":{"line":51,"column":5}},"type":"if","locations":[{"start":{"line":49,"column":4},"end":{"line":51,"column":5}},{"start":{},"end":{}}],"line":49},"6":{"loc":{"start":{"line":55,"column":20},"end":{"line":55,"column":71}},"type":"binary-expr","locations":[{"start":{"line":55,"column":20},"end":{"line":55,"column":33}},{"start":{"line":55,"column":37},"end":{"line":55,"column":71}}],"line":55},"7":{"loc":{"start":{"line":62,"column":4},"end":{"line":64,"column":5}},"type":"if","locations":[{"start":{"line":62,"column":4},"end":{"line":64,"column":5}},{"start":{},"end":{}}],"line":62},"8":{"loc":{"start":{"line":67,"column":4},"end":{"line":69,"column":5}},"type":"if","locations":[{"start":{"line":67,"column":4},"end":{"line":69,"column":5}},{"start":{},"end":{}}],"line":67},"9":{"loc":{"start":{"line":73,"column":20},"end":{"line":73,"column":65}},"type":"binary-expr","locations":[{"start":{"line":73,"column":20},"end":{"line":73,"column":33}},{"start":{"line":73,"column":37},"end":{"line":73,"column":65}}],"line":73},"10":{"loc":{"start":{"line":80,"column":4},"end":{"line":82,"column":5}},"type":"if","locations":[{"start":{"line":80,"column":4},"end":{"line":82,"column":5}},{"start":{},"end":{}}],"line":80},"11":{"loc":{"start":{"line":86,"column":20},"end":{"line":86,"column":63}},"type":"binary-expr","locations":[{"start":{"line":86,"column":20},"end":{"line":86,"column":33}},{"start":{"line":86,"column":37},"end":{"line":86,"column":63}}],"line":86}},"s":{"0":1,"1":1,"2":1,"3":0,"4":0,"5":0,"6":1,"7":0,"8":0,"9":0,"10":0,"11":0,"12":0,"13":1,"14":5,"15":5,"16":5,"17":0,"18":5,"19":5,"20":5,"21":1,"22":0,"23":0,"24":0,"25":0,"26":0,"27":0,"28":0,"29":0,"30":0,"31":1,"32":0,"33":0,"34":0,"35":0,"36":0,"37":0,"38":0,"39":0,"40":0,"41":1,"42":0,"43":0,"44":0,"45":0,"46":0,"47":0},"f":{"0":0,"1":0,"2":5,"3":0,"4":0,"5":0},"b":{"0":[0,0],"1":[0],"2":[0,5],"3":[5,0],"4":[0,0],"5":[0,0],"6":[0,0],"7":[0,0],"8":[0,0],"9":[0,0],"10":[0,0],"11":[0,0]},"_coverageSchema":"1a1c01bbd47fc00a2c39e90264f33305004495a9","hash":"1d9c1861dc31e6c7a69f9ae6173f71d8cd7f9c53","contentHash":"3c1e283d2303072c565b92596acae743fb4ea9ffd144574fbd6a8286b01fbd58"},"C:\\Users\\User\\Desktop\\ufcg - 2024.1\\pdw\\projeto\\src\\models\\userModel.js":{"path":"C:\\Users\\User\\Desktop\\ufcg - 2024.1\\pdw\\projeto\\src\\models\\userModel.js","statementMap":{"0":{"start":{"line":1,"column":13},"end":{"line":1,"column":35}},"1":{"start":{"line":2,"column":15},"end":{"line":2,"column":32}},"2":{"start":{"line":4,"column":0},"end":{"line":19,"column":2}},"3":{"start":{"line":5,"column":25},"end":{"line":5,"column":53}},"4":{"start":{"line":7,"column":2},"end":{"line":18,"column":3}},"5":{"start":{"line":8,"column":21},"end":{"line":11,"column":5}},"6":{"start":{"line":12,"column":4},"end":{"line":12,"column":19}},"7":{"start":{"line":14,"column":4},"end":{"line":16,"column":5}},"8":{"start":{"line":15,"column":6},"end":{"line":15,"column":59}},"9":{"start":{"line":17,"column":4},"end":{"line":17,"column":16}},"10":{"start":{"line":22,"column":0},"end":{"line":25,"column":2}},"11":{"start":{"line":23,"column":19},"end":{"line":23,"column":81}},"12":{"start":{"line":24,"column":2},"end":{"line":24,"column":17}},"13":{"start":{"line":28,"column":0},"end":{"line":31,"column":2}},"14":{"start":{"line":29,"column":19},"end":{"line":29,"column":82}},"15":{"start":{"line":30,"column":2},"end":{"line":30,"column":14}},"16":{"start":{"line":34,"column":0},"end":{"line":37,"column":2}},"17":{"start":{"line":35,"column":19},"end":{"line":35,"column":85}},"18":{"start":{"line":36,"column":2},"end":{"line":36,"column":17}},"19":{"start":{"line":39,"column":0},"end":{"line":54,"column":2}},"20":{"start":{"line":40,"column":14},"end":{"line":40,"column":45}},"21":{"start":{"line":41,"column":17},"end":{"line":41,"column":23}},"22":{"start":{"line":43,"column":2},"end":{"line":47,"column":3}},"23":{"start":{"line":44,"column":27},"end":{"line":44,"column":55}},"24":{"start":{"line":45,"column":4},"end":{"line":45,"column":28}},"25":{"start":{"line":46,"column":4},"end":{"line":46,"column":32}},"26":{"start":{"line":49,"column":2},"end":{"line":49,"column":61}},"27":{"start":{"line":50,"column":2},"end":{"line":50,"column":18}},"28":{"start":{"line":52,"column":19},"end":{"line":52,"column":50}},"29":{"start":{"line":53,"column":2},"end":{"line":53,"column":17}},"30":{"start":{"line":57,"column":0},"end":{"line":70,"column":2}},"31":{"start":{"line":58,"column":15},"end":{"line":58,"column":41}},"32":{"start":{"line":60,"column":2},"end":{"line":62,"column":3}},"33":{"start":{"line":61,"column":4},"end":{"line":61,"column":47}},"34":{"start":{"line":64,"column":2},"end":{"line":66,"column":3}},"35":{"start":{"line":65,"column":4},"end":{"line":65,"column":81}},"36":{"start":{"line":68,"column":19},"end":{"line":68,"column":112}},"37":{"start":{"line":69,"column":2},"end":{"line":69,"column":17}}},"fnMap":{"0":{"name":"(anonymous_0)","decl":{"start":{"line":4,"column":21},"end":{"line":4,"column":22}},"loc":{"start":{"line":4,"column":70},"end":{"line":19,"column":1}},"line":4},"1":{"name":"(anonymous_1)","decl":{"start":{"line":22,"column":22},"end":{"line":22,"column":23}},"loc":{"start":{"line":22,"column":36},"end":{"line":25,"column":1}},"line":22},"2":{"name":"(anonymous_2)","decl":{"start":{"line":28,"column":22},"end":{"line":28,"column":23}},"loc":{"start":{"line":28,"column":34},"end":{"line":31,"column":1}},"line":28},"3":{"name":"(anonymous_3)","decl":{"start":{"line":34,"column":24},"end":{"line":34,"column":25}},"loc":{"start":{"line":34,"column":40},"end":{"line":37,"column":1}},"line":34},"4":{"name":"(anonymous_4)","decl":{"start":{"line":39,"column":21},"end":{"line":39,"column":22}},"loc":{"start":{"line":39,"column":48},"end":{"line":54,"column":1}},"line":39},"5":{"name":"(anonymous_5)","decl":{"start":{"line":57,"column":21},"end":{"line":57,"column":22}},"loc":{"start":{"line":57,"column":61},"end":{"line":70,"column":1}},"line":57}},"branchMap":{"0":{"loc":{"start":{"line":4,"column":41},"end":{"line":4,"column":65}},"type":"default-arg","locations":[{"start":{"line":4,"column":56},"end":{"line":4,"column":65}}],"line":4},"1":{"loc":{"start":{"line":14,"column":4},"end":{"line":16,"column":5}},"type":"if","locations":[{"start":{"line":14,"column":4},"end":{"line":16,"column":5}},{"start":{},"end":{}}],"line":14},"2":{"loc":{"start":{"line":43,"column":2},"end":{"line":47,"column":3}},"type":"if","locations":[{"start":{"line":43,"column":2},"end":{"line":47,"column":3}},{"start":{},"end":{}}],"line":43},"3":{"loc":{"start":{"line":60,"column":2},"end":{"line":62,"column":3}},"type":"if","locations":[{"start":{"line":60,"column":2},"end":{"line":62,"column":3}},{"start":{},"end":{}}],"line":60},"4":{"loc":{"start":{"line":64,"column":2},"end":{"line":66,"column":3}},"type":"if","locations":[{"start":{"line":64,"column":2},"end":{"line":66,"column":3}},{"start":{},"end":{}}],"line":64},"5":{"loc":{"start":{"line":64,"column":6},"end":{"line":64,"column":75}},"type":"binary-expr","locations":[{"start":{"line":64,"column":6},"end":{"line":64,"column":35}},{"start":{"line":64,"column":39},"end":{"line":64,"column":75}}],"line":64}},"s":{"0":1,"1":1,"2":1,"3":5,"4":5,"5":5,"6":0,"7":5,"8":0,"9":5,"10":1,"11":0,"12":0,"13":1,"14":0,"15":0,"16":1,"17":5,"18":5,"19":1,"20":0,"21":0,"22":0,"23":0,"24":0,"25":0,"26":0,"27":0,"28":0,"29":0,"30":1,"31":0,"32":0,"33":0,"34":0,"35":0,"36":0,"37":0},"f":{"0":5,"1":0,"2":0,"3":5,"4":0,"5":0},"b":{"0":[0],"1":[0,5],"2":[0,0],"3":[0,0],"4":[0,0],"5":[0,0]},"_coverageSchema":"1a1c01bbd47fc00a2c39e90264f33305004495a9","hash":"418ae0011a251172e4f0d149ea40dc5a7ba21228","contentHash":"753cb75ca36d95088b71d91cf4fe42c8c7a9ec58d5bf5d194360884f37a9a3d8"},"C:\\Users\\User\\Desktop\\ufcg - 2024.1\\pdw\\projeto\\src\\database.js":{"path":"C:\\Users\\User\\Desktop\\ufcg - 2024.1\\pdw\\projeto\\src\\database.js","statementMap":{"0":{"start":{"line":1,"column":0},"end":{"line":1,"column":27}},"1":{"start":{"line":2,"column":17},"end":{"line":2,"column":30}},"2":{"start":{"line":4,"column":13},"end":{"line":10,"column":2}},"3":{"start":{"line":12,"column":0},"end":{"line":12,"column":22}}},"fnMap":{},"branchMap":{"0":{"loc":{"start":{"line":5,"column":8},"end":{"line":5,"column":41}},"type":"binary-expr","locations":[{"start":{"line":5,"column":8},"end":{"line":5,"column":27}},{"start":{"line":5,"column":31},"end":{"line":5,"column":41}}],"line":5},"1":{"loc":{"start":{"line":6,"column":8},"end":{"line":6,"column":42}},"type":"binary-expr","locations":[{"start":{"line":6,"column":8},"end":{"line":6,"column":27}},{"start":{"line":6,"column":31},"end":{"line":6,"column":42}}],"line":6},"2":{"loc":{"start":{"line":7,"column":12},"end":{"line":7,"column":45}},"type":"binary-expr","locations":[{"start":{"line":7,"column":12},"end":{"line":7,"column":31}},{"start":{"line":7,"column":35},"end":{"line":7,"column":45}}],"line":7},"3":{"loc":{"start":{"line":8,"column":12},"end":{"line":8,"column":49}},"type":"binary-expr","locations":[{"start":{"line":8,"column":12},"end":{"line":8,"column":35}},{"start":{"line":8,"column":39},"end":{"line":8,"column":49}}],"line":8},"4":{"loc":{"start":{"line":9,"column":8},"end":{"line":9,"column":35}},"type":"binary-expr","locations":[{"start":{"line":9,"column":8},"end":{"line":9,"column":27}},{"start":{"line":9,"column":31},"end":{"line":9,"column":35}}],"line":9}},"s":{"0":1,"1":1,"2":1,"3":1},"f":{},"b":{"0":[1,0],"1":[1,0],"2":[1,0],"3":[1,0],"4":[1,0]},"_coverageSchema":"1a1c01bbd47fc00a2c39e90264f33305004495a9","hash":"0ae3fcfff683afd7b09616169c423b72ee2bc0fd","contentHash":"d90681e2ab9b59e5e610df9418e473b206a102c64f7f5d34eaf6b77a68bd3960"},"C:\\Users\\User\\Desktop\\ufcg - 2024.1\\pdw\\projeto\\src\\middleware\\validationMiddleware.js":{"path":"C:\\Users\\User\\Desktop\\ufcg - 2024.1\\pdw\\projeto\\src\\middleware\\validationMiddleware.js","statementMap":{"0":{"start":{"line":1,"column":12},"end":{"line":1,"column":26}},"1":{"start":{"line":8,"column":17},"end":{"line":32,"column":1}},"2":{"start":{"line":9,"column":2},"end":{"line":31,"column":4}},"3":{"start":{"line":10,"column":27},"end":{"line":10,"column":38}},"4":{"start":{"line":12,"column":4},"end":{"line":14,"column":5}},"5":{"start":{"line":13,"column":6},"end":{"line":13,"column":87}},"6":{"start":{"line":16,"column":22},"end":{"line":16,"column":76}},"7":{"start":{"line":18,"column":4},"end":{"line":28,"column":5}},"8":{"start":{"line":19,"column":6},"end":{"line":27,"column":9}},"9":{"start":{"line":22,"column":44},"end":{"line":26,"column":9}},"10":{"start":{"line":30,"column":4},"end":{"line":30,"column":11}},"11":{"start":{"line":34,"column":0},"end":{"line":34,"column":26}}},"fnMap":{"0":{"name":"(anonymous_0)","decl":{"start":{"line":8,"column":17},"end":{"line":8,"column":18}},"loc":{"start":{"line":8,"column":46},"end":{"line":32,"column":1}},"line":8},"1":{"name":"(anonymous_1)","decl":{"start":{"line":9,"column":9},"end":{"line":9,"column":10}},"loc":{"start":{"line":9,"column":29},"end":{"line":31,"column":3}},"line":9},"2":{"name":"(anonymous_2)","decl":{"start":{"line":22,"column":36},"end":{"line":22,"column":37}},"loc":{"start":{"line":22,"column":44},"end":{"line":26,"column":9}},"line":22}},"branchMap":{"0":{"loc":{"start":{"line":8,"column":26},"end":{"line":8,"column":41}},"type":"default-arg","locations":[{"start":{"line":8,"column":35},"end":{"line":8,"column":41}}],"line":8},"1":{"loc":{"start":{"line":12,"column":4},"end":{"line":14,"column":5}},"type":"if","locations":[{"start":{"line":12,"column":4},"end":{"line":14,"column":5}},{"start":{},"end":{}}],"line":12},"2":{"loc":{"start":{"line":18,"column":4},"end":{"line":28,"column":5}},"type":"if","locations":[{"start":{"line":18,"column":4},"end":{"line":28,"column":5}},{"start":{},"end":{}}],"line":18}},"s":{"0":1,"1":1,"2":2,"3":7,"4":7,"5":0,"6":7,"7":7,"8":2,"9":3,"10":5,"11":1},"f":{"0":2,"1":7,"2":3},"b":{"0":[2],"1":[0,7],"2":[2,5]},"_coverageSchema":"1a1c01bbd47fc00a2c39e90264f33305004495a9","hash":"0d30322339cd306b2a231a0c09d6a839af04c3fc","contentHash":"774989281c96c2aa34760918a432eae75f295238f32d3a597424d05244e3097d"},"C:\\Users\\User\\Desktop\\ufcg - 2024.1\\pdw\\projeto\\src\\validations\\schemas.js":{"path":"C:\\Users\\User\\Desktop\\ufcg - 2024.1\\pdw\\projeto\\src\\validations\\schemas.js","statementMap":{"0":{"start":{"line":1,"column":12},"end":{"line":1,"column":26}},"1":{"start":{"line":4,"column":19},"end":{"line":17,"column":2}},"2":{"start":{"line":20,"column":22},"end":{"line":35,"column":2}},"3":{"start":{"line":38,"column":21},"end":{"line":61,"column":2}},"4":{"start":{"line":64,"column":24},"end":{"line":85,"column":2}},"5":{"start":{"line":88,"column":26},"end":{"line":105,"column":2}},"6":{"start":{"line":107,"column":0},"end":{"line":107,"column":97}}},"fnMap":{},"branchMap":{},"s":{"0":1,"1":1,"2":1,"3":1,"4":1,"5":1,"6":1},"f":{},"b":{},"_coverageSchema":"1a1c01bbd47fc00a2c39e90264f33305004495a9","hash":"0ad0ec8ed7070a8c32eaf0f948d284c9f281a701","contentHash":"46a18ed55b99388857635aeb812e171ba3fab1c9bd4579acc56e69476c4c158c"},"C:\\Users\\User\\Desktop\\ufcg - 2024.1\\pdw\\projeto\\src\\routes\\machineRoutes.js":{"path":"C:\\Users\\User\\Desktop\\ufcg - 2024.1\\pdw\\projeto\\src\\routes\\machineRoutes.js","statementMap":{"0":{"start":{"line":1,"column":16},"end":{"line":1,"column":34}},"1":{"start":{"line":2,"column":15},"end":{"line":2,"column":31}},"2":{"start":{"line":3,"column":26},"end":{"line":3,"column":69}},"3":{"start":{"line":4,"column":46},"end":{"line":4,"column":85}},"4":{"start":{"line":26,"column":0},"end":{"line":26,"column":66}},"5":{"start":{"line":50,"column":0},"end":{"line":50,"column":72}},"6":{"start":{"line":84,"column":0},"end":{"line":84,"column":85}},"7":{"start":{"line":127,"column":0},"end":{"line":127,"column":87}},"8":{"start":{"line":155,"column":0},"end":{"line":155,"column":90}},"9":{"start":{"line":157,"column":0},"end":{"line":157,"column":24}}},"fnMap":{},"branchMap":{},"s":{"0":1,"1":1,"2":1,"3":1,"4":1,"5":1,"6":1,"7":1,"8":1,"9":1},"f":{},"b":{},"_coverageSchema":"1a1c01bbd47fc00a2c39e90264f33305004495a9","hash":"043e6aa1fd672641159f946760e86f827421b37c","contentHash":"1215976b0f2529905ee48c1b94ec85421b5888b27f8ffc93c781bef27c9838f7"},"C:\\Users\\User\\Desktop\\ufcg - 2024.1\\pdw\\projeto\\src\\controllers\\machineController.js":{"path":"C:\\Users\\User\\Desktop\\ufcg - 2024.1\\pdw\\projeto\\src\\controllers\\machineController.js","statementMap":{"0":{"start":{"line":1,"column":23},"end":{"line":1,"column":60}},"1":{"start":{"line":3,"column":0},"end":{"line":10,"column":2}},"2":{"start":{"line":4,"column":2},"end":{"line":9,"column":3}},"3":{"start":{"line":5,"column":21},"end":{"line":5,"column":55}},"4":{"start":{"line":6,"column":4},"end":{"line":6,"column":23}},"5":{"start":{"line":8,"column":4},"end":{"line":8,"column":64}},"6":{"start":{"line":12,"column":0},"end":{"line":25,"column":2}},"7":{"start":{"line":13,"column":2},"end":{"line":24,"column":3}},"8":{"start":{"line":14,"column":19},"end":{"line":14,"column":29}},"9":{"start":{"line":15,"column":20},"end":{"line":15,"column":59}},"10":{"start":{"line":17,"column":4},"end":{"line":19,"column":5}},"11":{"start":{"line":18,"column":6},"end":{"line":18,"column":72}},"12":{"start":{"line":21,"column":4},"end":{"line":21,"column":22}},"13":{"start":{"line":23,"column":4},"end":{"line":23,"column":63}},"14":{"start":{"line":27,"column":0},"end":{"line":55,"column":2}},"15":{"start":{"line":28,"column":2},"end":{"line":54,"column":3}},"16":{"start":{"line":29,"column":4},"end":{"line":31,"column":5}},"17":{"start":{"line":30,"column":6},"end":{"line":30,"column":108}},"18":{"start":{"line":33,"column":64},"end":{"line":33,"column":72}},"19":{"start":{"line":35,"column":4},"end":{"line":37,"column":5}},"20":{"start":{"line":36,"column":6},"end":{"line":36,"column":96}},"21":{"start":{"line":39,"column":26},"end":{"line":39,"column":73}},"22":{"start":{"line":40,"column":4},"end":{"line":42,"column":5}},"23":{"start":{"line":41,"column":6},"end":{"line":41,"column":121}},"24":{"start":{"line":45,"column":28},"end":{"line":45,"column":71}},"25":{"start":{"line":46,"column":4},"end":{"line":48,"column":5}},"26":{"start":{"line":47,"column":6},"end":{"line":47,"column":85}},"27":{"start":{"line":50,"column":23},"end":{"line":50,"column":106}},"28":{"start":{"line":51,"column":4},"end":{"line":51,"column":90}},"29":{"start":{"line":53,"column":4},"end":{"line":53,"column":79}},"30":{"start":{"line":57,"column":0},"end":{"line":77,"column":2}},"31":{"start":{"line":58,"column":2},"end":{"line":76,"column":3}},"32":{"start":{"line":59,"column":4},"end":{"line":61,"column":5}},"33":{"start":{"line":60,"column":6},"end":{"line":60,"column":112}},"34":{"start":{"line":63,"column":19},"end":{"line":63,"column":29}},"35":{"start":{"line":64,"column":64},"end":{"line":64,"column":72}},"36":{"start":{"line":67,"column":28},"end":{"line":67,"column":67}},"37":{"start":{"line":68,"column":4},"end":{"line":70,"column":5}},"38":{"start":{"line":69,"column":6},"end":{"line":69,"column":72}},"39":{"start":{"line":72,"column":27},"end":{"line":72,"column":114}},"40":{"start":{"line":73,"column":4},"end":{"line":73,"column":86}},"41":{"start":{"line":75,"column":4},"end":{"line":75,"column":66}},"42":{"start":{"line":79,"column":0},"end":{"line":98,"column":2}},"43":{"start":{"line":80,"column":2},"end":{"line":97,"column":3}},"44":{"start":{"line":81,"column":4},"end":{"line":83,"column":5}},"45":{"start":{"line":82,"column":6},"end":{"line":82,"column":110}},"46":{"start":{"line":85,"column":19},"end":{"line":85,"column":29}},"47":{"start":{"line":88,"column":28},"end":{"line":88,"column":67}},"48":{"start":{"line":89,"column":4},"end":{"line":91,"column":5}},"49":{"start":{"line":90,"column":6},"end":{"line":90,"column":72}},"50":{"start":{"line":93,"column":4},"end":{"line":93,"column":43}},"51":{"start":{"line":94,"column":4},"end":{"line":94,"column":59}},"52":{"start":{"line":96,"column":4},"end":{"line":96,"column":64}}},"fnMap":{"0":{"name":"(anonymous_0)","decl":{"start":{"line":3,"column":22},"end":{"line":3,"column":23}},"loc":{"start":{"line":3,"column":42},"end":{"line":10,"column":1}},"line":3},"1":{"name":"(anonymous_1)","decl":{"start":{"line":12,"column":25},"end":{"line":12,"column":26}},"loc":{"start":{"line":12,"column":45},"end":{"line":25,"column":1}},"line":12},"2":{"name":"(anonymous_2)","decl":{"start":{"line":27,"column":24},"end":{"line":27,"column":25}},"loc":{"start":{"line":27,"column":44},"end":{"line":55,"column":1}},"line":27},"3":{"name":"(anonymous_3)","decl":{"start":{"line":57,"column":24},"end":{"line":57,"column":25}},"loc":{"start":{"line":57,"column":44},"end":{"line":77,"column":1}},"line":57},"4":{"name":"(anonymous_4)","decl":{"start":{"line":79,"column":24},"end":{"line":79,"column":25}},"loc":{"start":{"line":79,"column":44},"end":{"line":98,"column":1}},"line":79}},"branchMap":{"0":{"loc":{"start":{"line":17,"column":4},"end":{"line":19,"column":5}},"type":"if","locations":[{"start":{"line":17,"column":4},"end":{"line":19,"column":5}},{"start":{},"end":{}}],"line":17},"1":{"loc":{"start":{"line":29,"column":4},"end":{"line":31,"column":5}},"type":"if","locations":[{"start":{"line":29,"column":4},"end":{"line":31,"column":5}},{"start":{},"end":{}}],"line":29},"2":{"loc":{"start":{"line":35,"column":4},"end":{"line":37,"column":5}},"type":"if","locations":[{"start":{"line":35,"column":4},"end":{"line":37,"column":5}},{"start":{},"end":{}}],"line":35},"3":{"loc":{"start":{"line":35,"column":8},"end":{"line":35,"column":43}},"type":"binary-expr","locations":[{"start":{"line":35,"column":8},"end":{"line":35,"column":13}},{"start":{"line":35,"column":17},"end":{"line":35,"column":32}},{"start":{"line":35,"column":36},"end":{"line":35,"column":43}}],"line":35},"4":{"loc":{"start":{"line":40,"column":4},"end":{"line":42,"column":5}},"type":"if","locations":[{"start":{"line":40,"column":4},"end":{"line":42,"column":5}},{"start":{},"end":{}}],"line":40},"5":{"loc":{"start":{"line":46,"column":4},"end":{"line":48,"column":5}},"type":"if","locations":[{"start":{"line":46,"column":4},"end":{"line":48,"column":5}},{"start":{},"end":{}}],"line":46},"6":{"loc":{"start":{"line":53,"column":34},"end":{"line":53,"column":75}},"type":"binary-expr","locations":[{"start":{"line":53,"column":34},"end":{"line":53,"column":47}},{"start":{"line":53,"column":51},"end":{"line":53,"column":75}}],"line":53},"7":{"loc":{"start":{"line":59,"column":4},"end":{"line":61,"column":5}},"type":"if","locations":[{"start":{"line":59,"column":4},"end":{"line":61,"column":5}},{"start":{},"end":{}}],"line":59},"8":{"loc":{"start":{"line":68,"column":4},"end":{"line":70,"column":5}},"type":"if","locations":[{"start":{"line":68,"column":4},"end":{"line":70,"column":5}},{"start":{},"end":{}}],"line":68},"9":{"loc":{"start":{"line":81,"column":4},"end":{"line":83,"column":5}},"type":"if","locations":[{"start":{"line":81,"column":4},"end":{"line":83,"column":5}},{"start":{},"end":{}}],"line":81},"10":{"loc":{"start":{"line":89,"column":4},"end":{"line":91,"column":5}},"type":"if","locations":[{"start":{"line":89,"column":4},"end":{"line":91,"column":5}},{"start":{},"end":{}}],"line":89}},"s":{"0":1,"1":1,"2":0,"3":0,"4":0,"5":0,"6":1,"7":0,"8":0,"9":0,"10":0,"11":0,"12":0,"13":0,"14":1,"15":0,"16":0,"17":0,"18":0,"19":0,"20":0,"21":0,"22":0,"23":0,"24":0,"25":0,"26":0,"27":0,"28":0,"29":0,"30":1,"31":0,"32":0,"33":0,"34":0,"35":0,"36":0,"37":0,"38":0,"39":0,"40":0,"41":0,"42":1,"43":0,"44":0,"45":0,"46":0,"47":0,"48":0,"49":0,"50":0,"51":0,"52":0},"f":{"0":0,"1":0,"2":0,"3":0,"4":0},"b":{"0":[0,0],"1":[0,0],"2":[0,0],"3":[0,0,0],"4":[0,0],"5":[0,0],"6":[0,0],"7":[0,0],"8":[0,0],"9":[0,0],"10":[0,0]},"_coverageSchema":"1a1c01bbd47fc00a2c39e90264f33305004495a9","hash":"692379dce6f7be5e15e6ecb0b4f154a520ff4a14","contentHash":"62882d38ee7dc79a48a4deac44a6296fe0c0da5a9c4700e576c8ad922ee26283"},"C:\\Users\\User\\Desktop\\ufcg - 2024.1\\pdw\\projeto\\src\\services\\machineService.js":{"path":"C:\\Users\\User\\Desktop\\ufcg - 2024.1\\pdw\\projeto\\src\\services\\machineService.js","statementMap":{"0":{"start":{"line":1,"column":21},"end":{"line":1,"column":54}},"1":{"start":{"line":2,"column":25},"end":{"line":2,"column":62}},"2":{"start":{"line":4,"column":0},"end":{"line":10,"column":2}},"3":{"start":{"line":5,"column":2},"end":{"line":9,"column":3}},"4":{"start":{"line":6,"column":4},"end":{"line":6,"column":44}},"5":{"start":{"line":8,"column":4},"end":{"line":8,"column":48}},"6":{"start":{"line":12,"column":0},"end":{"line":22,"column":2}},"7":{"start":{"line":13,"column":2},"end":{"line":21,"column":3}},"8":{"start":{"line":14,"column":20},"end":{"line":14,"column":57}},"9":{"start":{"line":15,"column":4},"end":{"line":17,"column":5}},"10":{"start":{"line":16,"column":6},"end":{"line":16,"column":49}},"11":{"start":{"line":18,"column":4},"end":{"line":18,"column":19}},"12":{"start":{"line":20,"column":4},"end":{"line":20,"column":47}},"13":{"start":{"line":24,"column":0},"end":{"line":44,"column":2}},"14":{"start":{"line":25,"column":2},"end":{"line":43,"column":3}},"15":{"start":{"line":26,"column":4},"end":{"line":28,"column":5}},"16":{"start":{"line":27,"column":6},"end":{"line":27,"column":85}},"17":{"start":{"line":30,"column":28},"end":{"line":30,"column":83}},"18":{"start":{"line":31,"column":4},"end":{"line":33,"column":5}},"19":{"start":{"line":32,"column":6},"end":{"line":32,"column":62}},"20":{"start":{"line":35,"column":26},"end":{"line":35,"column":73}},"21":{"start":{"line":36,"column":4},"end":{"line":38,"column":5}},"22":{"start":{"line":37,"column":6},"end":{"line":37,"column":100}},"23":{"start":{"line":40,"column":4},"end":{"line":40,"column":93}},"24":{"start":{"line":42,"column":4},"end":{"line":42,"column":63}},"25":{"start":{"line":46,"column":0},"end":{"line":70,"column":2}},"26":{"start":{"line":47,"column":2},"end":{"line":69,"column":3}},"27":{"start":{"line":48,"column":4},"end":{"line":50,"column":5}},"28":{"start":{"line":49,"column":6},"end":{"line":49,"column":100}},"29":{"start":{"line":52,"column":20},"end":{"line":52,"column":57}},"30":{"start":{"line":53,"column":4},"end":{"line":55,"column":5}},"31":{"start":{"line":54,"column":6},"end":{"line":54,"column":49}},"32":{"start":{"line":57,"column":4},"end":{"line":59,"column":5}},"33":{"start":{"line":58,"column":6},"end":{"line":58,"column":80}},"34":{"start":{"line":61,"column":26},"end":{"line":61,"column":73}},"35":{"start":{"line":62,"column":4},"end":{"line":64,"column":5}},"36":{"start":{"line":63,"column":6},"end":{"line":63,"column":100}},"37":{"start":{"line":66,"column":4},"end":{"line":66,"column":62}},"38":{"start":{"line":68,"column":4},"end":{"line":68,"column":77}},"39":{"start":{"line":72,"column":0},"end":{"line":97,"column":2}},"40":{"start":{"line":73,"column":2},"end":{"line":96,"column":3}},"41":{"start":{"line":74,"column":4},"end":{"line":76,"column":5}},"42":{"start":{"line":75,"column":6},"end":{"line":75,"column":87}},"43":{"start":{"line":78,"column":20},"end":{"line":78,"column":65}},"44":{"start":{"line":79,"column":4},"end":{"line":81,"column":5}},"45":{"start":{"line":80,"column":6},"end":{"line":80,"column":49}},"46":{"start":{"line":84,"column":25},"end":{"line":84,"column":84}},"47":{"start":{"line":85,"column":35},"end":{"line":85,"column":97}},"48":{"start":{"line":85,"column":60},"end":{"line":85,"column":96}},"49":{"start":{"line":87,"column":4},"end":{"line":90,"column":5}},"50":{"start":{"line":89,"column":6},"end":{"line":89,"column":85}},"51":{"start":{"line":92,"column":4},"end":{"line":92,"column":49}},"52":{"start":{"line":93,"column":4},"end":{"line":93,"column":43}},"53":{"start":{"line":95,"column":4},"end":{"line":95,"column":65}}},"fnMap":{"0":{"name":"(anonymous_0)","decl":{"start":{"line":4,"column":22},"end":{"line":4,"column":23}},"loc":{"start":{"line":4,"column":34},"end":{"line":10,"column":1}},"line":4},"1":{"name":"(anonymous_1)","decl":{"start":{"line":12,"column":25},"end":{"line":12,"column":26}},"loc":{"start":{"line":12,"column":39},"end":{"line":22,"column":1}},"line":12},"2":{"name":"(anonymous_2)","decl":{"start":{"line":24,"column":24},"end":{"line":24,"column":25}},"loc":{"start":{"line":24,"column":97},"end":{"line":44,"column":1}},"line":24},"3":{"name":"(anonymous_3)","decl":{"start":{"line":46,"column":30},"end":{"line":46,"column":31}},"loc":{"start":{"line":46,"column":66},"end":{"line":70,"column":1}},"line":46},"4":{"name":"(anonymous_4)","decl":{"start":{"line":72,"column":24},"end":{"line":72,"column":25}},"loc":{"start":{"line":72,"column":60},"end":{"line":97,"column":1}},"line":72},"5":{"name":"(anonymous_5)","decl":{"start":{"line":85,"column":53},"end":{"line":85,"column":54}},"loc":{"start":{"line":85,"column":60},"end":{"line":85,"column":96}},"line":85}},"branchMap":{"0":{"loc":{"start":{"line":15,"column":4},"end":{"line":17,"column":5}},"type":"if","locations":[{"start":{"line":15,"column":4},"end":{"line":17,"column":5}},{"start":{},"end":{}}],"line":15},"1":{"loc":{"start":{"line":26,"column":4},"end":{"line":28,"column":5}},"type":"if","locations":[{"start":{"line":26,"column":4},"end":{"line":28,"column":5}},{"start":{},"end":{}}],"line":26},"2":{"loc":{"start":{"line":31,"column":4},"end":{"line":33,"column":5}},"type":"if","locations":[{"start":{"line":31,"column":4},"end":{"line":33,"column":5}},{"start":{},"end":{}}],"line":31},"3":{"loc":{"start":{"line":36,"column":4},"end":{"line":38,"column":5}},"type":"if","locations":[{"start":{"line":36,"column":4},"end":{"line":38,"column":5}},{"start":{},"end":{}}],"line":36},"4":{"loc":{"start":{"line":42,"column":20},"end":{"line":42,"column":61}},"type":"binary-expr","locations":[{"start":{"line":42,"column":20},"end":{"line":42,"column":33}},{"start":{"line":42,"column":37},"end":{"line":42,"column":61}}],"line":42},"5":{"loc":{"start":{"line":48,"column":4},"end":{"line":50,"column":5}},"type":"if","locations":[{"start":{"line":48,"column":4},"end":{"line":50,"column":5}},{"start":{},"end":{}}],"line":48},"6":{"loc":{"start":{"line":53,"column":4},"end":{"line":55,"column":5}},"type":"if","locations":[{"start":{"line":53,"column":4},"end":{"line":55,"column":5}},{"start":{},"end":{}}],"line":53},"7":{"loc":{"start":{"line":57,"column":4},"end":{"line":59,"column":5}},"type":"if","locations":[{"start":{"line":57,"column":4},"end":{"line":59,"column":5}},{"start":{},"end":{}}],"line":57},"8":{"loc":{"start":{"line":62,"column":4},"end":{"line":64,"column":5}},"type":"if","locations":[{"start":{"line":62,"column":4},"end":{"line":64,"column":5}},{"start":{},"end":{}}],"line":62},"9":{"loc":{"start":{"line":68,"column":20},"end":{"line":68,"column":75}},"type":"binary-expr","locations":[{"start":{"line":68,"column":20},"end":{"line":68,"column":33}},{"start":{"line":68,"column":37},"end":{"line":68,"column":75}}],"line":68},"10":{"loc":{"start":{"line":74,"column":4},"end":{"line":76,"column":5}},"type":"if","locations":[{"start":{"line":74,"column":4},"end":{"line":76,"column":5}},{"start":{},"end":{}}],"line":74},"11":{"loc":{"start":{"line":79,"column":4},"end":{"line":81,"column":5}},"type":"if","locations":[{"start":{"line":79,"column":4},"end":{"line":81,"column":5}},{"start":{},"end":{}}],"line":79},"12":{"loc":{"start":{"line":87,"column":4},"end":{"line":90,"column":5}},"type":"if","locations":[{"start":{"line":87,"column":4},"end":{"line":90,"column":5}},{"start":{},"end":{}}],"line":87},"13":{"loc":{"start":{"line":95,"column":20},"end":{"line":95,"column":63}},"type":"binary-expr","locations":[{"start":{"line":95,"column":20},"end":{"line":95,"column":33}},{"start":{"line":95,"column":37},"end":{"line":95,"column":63}}],"line":95}},"s":{"0":1,"1":1,"2":1,"3":0,"4":0,"5":0,"6":1,"7":0,"8":0,"9":0,"10":0,"11":0,"12":0,"13":1,"14":0,"15":0,"16":0,"17":0,"18":0,"19":0,"20":0,"21":0,"22":0,"23":0,"24":0,"25":1,"26":0,"27":0,"28":0,"29":0,"30":0,"31":0,"32":0,"33":0,"34":0,"35":0,"36":0,"37":0,"38":0,"39":1,"40":0,"41":0,"42":0,"43":0,"44":0,"45":0,"46":0,"47":0,"48":0,"49":0,"50":0,"51":0,"52":0,"53":0},"f":{"0":0,"1":0,"2":0,"3":0,"4":0,"5":0},"b":{"0":[0,0],"1":[0,0],"2":[0,0],"3":[0,0],"4":[0,0],"5":[0,0],"6":[0,0],"7":[0,0],"8":[0,0],"9":[0,0],"10":[0,0],"11":[0,0],"12":[0,0],"13":[0,0]},"_coverageSchema":"1a1c01bbd47fc00a2c39e90264f33305004495a9","hash":"4f3fc551eb269a4404c5f84b9426d9f93444fc07","contentHash":"a8373a16def73f8878873ab2e910201648135baa455255bbbb7ba84fb60d4bf5"},"C:\\Users\\User\\Desktop\\ufcg - 2024.1\\pdw\\projeto\\src\\models\\machineModel.js":{"path":"C:\\Users\\User\\Desktop\\ufcg - 2024.1\\pdw\\projeto\\src\\models\\machineModel.js","statementMap":{"0":{"start":{"line":1,"column":13},"end":{"line":1,"column":35}},"1":{"start":{"line":3,"column":0},"end":{"line":6,"column":2}},"2":{"start":{"line":4,"column":17},"end":{"line":4,"column":59}},"3":{"start":{"line":5,"column":2},"end":{"line":5,"column":21}},"4":{"start":{"line":9,"column":0},"end":{"line":17,"column":2}},"5":{"start":{"line":10,"column":24},"end":{"line":10,"column":71}},"6":{"start":{"line":11,"column":2},"end":{"line":13,"column":3}},"7":{"start":{"line":12,"column":4},"end":{"line":12,"column":96}},"8":{"start":{"line":15,"column":17},"end":{"line":15,"column":87}},"9":{"start":{"line":16,"column":2},"end":{"line":16,"column":21}},"10":{"start":{"line":20,"column":0},"end":{"line":23,"column":2}},"11":{"start":{"line":21,"column":17},"end":{"line":21,"column":79}},"12":{"start":{"line":22,"column":2},"end":{"line":22,"column":24}},"13":{"start":{"line":26,"column":0},"end":{"line":37,"column":2}},"14":{"start":{"line":27,"column":24},"end":{"line":27,"column":71}},"15":{"start":{"line":28,"column":2},"end":{"line":30,"column":3}},"16":{"start":{"line":29,"column":4},"end":{"line":29,"column":96}},"17":{"start":{"line":32,"column":19},"end":{"line":35,"column":3}},"18":{"start":{"line":36,"column":2},"end":{"line":36,"column":17}},"19":{"start":{"line":40,"column":0},"end":{"line":57,"column":2}},"20":{"start":{"line":41,"column":24},"end":{"line":41,"column":71}},"21":{"start":{"line":42,"column":2},"end":{"line":44,"column":3}},"22":{"start":{"line":43,"column":4},"end":{"line":43,"column":96}},"23":{"start":{"line":47,"column":18},"end":{"line":47,"column":47}},"24":{"start":{"line":48,"column":2},"end":{"line":50,"column":3}},"25":{"start":{"line":49,"column":4},"end":{"line":49,"column":47}},"26":{"start":{"line":52,"column":19},"end":{"line":55,"column":3}},"27":{"start":{"line":56,"column":2},"end":{"line":56,"column":17}},"28":{"start":{"line":60,"column":0},"end":{"line":77,"column":2}},"29":{"start":{"line":61,"column":24},"end":{"line":61,"column":71}},"30":{"start":{"line":62,"column":2},"end":{"line":64,"column":3}},"31":{"start":{"line":63,"column":4},"end":{"line":63,"column":96}},"32":{"start":{"line":67,"column":18},"end":{"line":67,"column":47}},"33":{"start":{"line":68,"column":2},"end":{"line":70,"column":3}},"34":{"start":{"line":69,"column":4},"end":{"line":69,"column":47}},"35":{"start":{"line":72,"column":19},"end":{"line":75,"column":3}},"36":{"start":{"line":76,"column":2},"end":{"line":76,"column":17}},"37":{"start":{"line":80,"column":0},"end":{"line":99,"column":2}},"38":{"start":{"line":82,"column":18},"end":{"line":82,"column":47}},"39":{"start":{"line":83,"column":2},"end":{"line":85,"column":3}},"40":{"start":{"line":84,"column":4},"end":{"line":84,"column":47}},"41":{"start":{"line":88,"column":33},"end":{"line":91,"column":3}},"42":{"start":{"line":93,"column":2},"end":{"line":95,"column":3}},"43":{"start":{"line":94,"column":4},"end":{"line":94,"column":87}},"44":{"start":{"line":97,"column":19},"end":{"line":97,"column":91}},"45":{"start":{"line":98,"column":2},"end":{"line":98,"column":17}}},"fnMap":{"0":{"name":"(anonymous_0)","decl":{"start":{"line":3,"column":22},"end":{"line":3,"column":23}},"loc":{"start":{"line":3,"column":34},"end":{"line":6,"column":1}},"line":3},"1":{"name":"(anonymous_1)","decl":{"start":{"line":9,"column":30},"end":{"line":9,"column":31}},"loc":{"start":{"line":9,"column":48},"end":{"line":17,"column":1}},"line":9},"2":{"name":"(anonymous_2)","decl":{"start":{"line":20,"column":25},"end":{"line":20,"column":26}},"loc":{"start":{"line":20,"column":39},"end":{"line":23,"column":1}},"line":20},"3":{"name":"(anonymous_3)","decl":{"start":{"line":26,"column":24},"end":{"line":26,"column":25}},"loc":{"start":{"line":26,"column":83},"end":{"line":37,"column":1}},"line":26},"4":{"name":"(anonymous_4)","decl":{"start":{"line":40,"column":24},"end":{"line":40,"column":25}},"loc":{"start":{"line":40,"column":87},"end":{"line":57,"column":1}},"line":40},"5":{"name":"(anonymous_5)","decl":{"start":{"line":60,"column":30},"end":{"line":60,"column":31}},"loc":{"start":{"line":60,"column":52},"end":{"line":77,"column":1}},"line":60},"6":{"name":"(anonymous_6)","decl":{"start":{"line":80,"column":24},"end":{"line":80,"column":25}},"loc":{"start":{"line":80,"column":38},"end":{"line":99,"column":1}},"line":80}},"branchMap":{"0":{"loc":{"start":{"line":11,"column":2},"end":{"line":13,"column":3}},"type":"if","locations":[{"start":{"line":11,"column":2},"end":{"line":13,"column":3}},{"start":{},"end":{}}],"line":11},"1":{"loc":{"start":{"line":28,"column":2},"end":{"line":30,"column":3}},"type":"if","locations":[{"start":{"line":28,"column":2},"end":{"line":30,"column":3}},{"start":{},"end":{}}],"line":28},"2":{"loc":{"start":{"line":42,"column":2},"end":{"line":44,"column":3}},"type":"if","locations":[{"start":{"line":42,"column":2},"end":{"line":44,"column":3}},{"start":{},"end":{}}],"line":42},"3":{"loc":{"start":{"line":48,"column":2},"end":{"line":50,"column":3}},"type":"if","locations":[{"start":{"line":48,"column":2},"end":{"line":50,"column":3}},{"start":{},"end":{}}],"line":48},"4":{"loc":{"start":{"line":62,"column":2},"end":{"line":64,"column":3}},"type":"if","locations":[{"start":{"line":62,"column":2},"end":{"line":64,"column":3}},{"start":{},"end":{}}],"line":62},"5":{"loc":{"start":{"line":68,"column":2},"end":{"line":70,"column":3}},"type":"if","locations":[{"start":{"line":68,"column":2},"end":{"line":70,"column":3}},{"start":{},"end":{}}],"line":68},"6":{"loc":{"start":{"line":83,"column":2},"end":{"line":85,"column":3}},"type":"if","locations":[{"start":{"line":83,"column":2},"end":{"line":85,"column":3}},{"start":{},"end":{}}],"line":83},"7":{"loc":{"start":{"line":93,"column":2},"end":{"line":95,"column":3}},"type":"if","locations":[{"start":{"line":93,"column":2},"end":{"line":95,"column":3}},{"start":{},"end":{}}],"line":93}},"s":{"0":1,"1":1,"2":0,"3":0,"4":1,"5":0,"6":0,"7":0,"8":0,"9":0,"10":1,"11":0,"12":0,"13":1,"14":0,"15":0,"16":0,"17":0,"18":0,"19":1,"20":0,"21":0,"22":0,"23":0,"24":0,"25":0,"26":0,"27":0,"28":1,"29":0,"30":0,"31":0,"32":0,"33":0,"34":0,"35":0,"36":0,"37":1,"38":0,"39":0,"40":0,"41":0,"42":0,"43":0,"44":0,"45":0},"f":{"0":0,"1":0,"2":0,"3":0,"4":0,"5":0,"6":0},"b":{"0":[0,0],"1":[0,0],"2":[0,0],"3":[0,0],"4":[0,0],"5":[0,0],"6":[0,0],"7":[0,0]},"_coverageSchema":"1a1c01bbd47fc00a2c39e90264f33305004495a9","hash":"5c2449431f285865222ff7b7cccc73fac7c90ffc","contentHash":"cf7887967b40068ea701afb1985f700a40f867cce31c8845fba0b1d557ab39a9"},"C:\\Users\\User\\Desktop\\ufcg - 2024.1\\pdw\\projeto\\src\\models\\agendamentoModel.js":{"path":"C:\\Users\\User\\Desktop\\ufcg - 2024.1\\pdw\\projeto\\src\\models\\agendamentoModel.js","statementMap":{"0":{"start":{"line":1,"column":13},"end":{"line":1,"column":35}},"1":{"start":{"line":4,"column":0},"end":{"line":7,"column":2}},"2":{"start":{"line":5,"column":17},"end":{"line":5,"column":63}},"3":{"start":{"line":6,"column":2},"end":{"line":6,"column":21}},"4":{"start":{"line":10,"column":0},"end":{"line":13,"column":2}},"5":{"start":{"line":11,"column":17},"end":{"line":11,"column":83}},"6":{"start":{"line":12,"column":2},"end":{"line":12,"column":24}},"7":{"start":{"line":16,"column":0},"end":{"line":19,"column":2}},"8":{"start":{"line":17,"column":17},"end":{"line":17,"column":99}},"9":{"start":{"line":18,"column":2},"end":{"line":18,"column":21}},"10":{"start":{"line":22,"column":0},"end":{"line":25,"column":2}},"11":{"start":{"line":23,"column":17},"end":{"line":23,"column":99}},"12":{"start":{"line":24,"column":2},"end":{"line":24,"column":21}},"13":{"start":{"line":28,"column":0},"end":{"line":67,"column":2}},"14":{"start":{"line":29,"column":2},"end":{"line":31,"column":3}},"15":{"start":{"line":30,"column":4},"end":{"line":30,"column":78}},"16":{"start":{"line":33,"column":17},"end":{"line":33,"column":59}},"17":{"start":{"line":34,"column":18},"end":{"line":34,"column":32}},"18":{"start":{"line":35,"column":2},"end":{"line":37,"column":3}},"19":{"start":{"line":36,"column":4},"end":{"line":36,"column":72}},"20":{"start":{"line":40,"column":28},"end":{"line":40,"column":99}},"21":{"start":{"line":41,"column":2},"end":{"line":43,"column":3}},"22":{"start":{"line":42,"column":4},"end":{"line":42,"column":47}},"23":{"start":{"line":46,"column":28},"end":{"line":46,"column":99}},"24":{"start":{"line":47,"column":2},"end":{"line":49,"column":3}},"25":{"start":{"line":48,"column":4},"end":{"line":48,"column":47}},"26":{"start":{"line":52,"column":43},"end":{"line":56,"column":3}},"27":{"start":{"line":58,"column":2},"end":{"line":60,"column":3}},"28":{"start":{"line":59,"column":4},"end":{"line":59,"column":86}},"29":{"start":{"line":62,"column":19},"end":{"line":65,"column":3}},"30":{"start":{"line":66,"column":2},"end":{"line":66,"column":17}},"31":{"start":{"line":70,"column":0},"end":{"line":102,"column":2}},"32":{"start":{"line":71,"column":22},"end":{"line":71,"column":55}},"33":{"start":{"line":72,"column":2},"end":{"line":74,"column":3}},"34":{"start":{"line":73,"column":4},"end":{"line":73,"column":51}},"35":{"start":{"line":76,"column":2},"end":{"line":78,"column":3}},"36":{"start":{"line":77,"column":4},"end":{"line":77,"column":78}},"37":{"start":{"line":80,"column":17},"end":{"line":80,"column":59}},"38":{"start":{"line":81,"column":18},"end":{"line":81,"column":32}},"39":{"start":{"line":82,"column":2},"end":{"line":84,"column":3}},"40":{"start":{"line":83,"column":4},"end":{"line":83,"column":72}},"41":{"start":{"line":87,"column":43},"end":{"line":91,"column":3}},"42":{"start":{"line":93,"column":2},"end":{"line":95,"column":3}},"43":{"start":{"line":94,"column":4},"end":{"line":94,"column":86}},"44":{"start":{"line":97,"column":19},"end":{"line":100,"column":3}},"45":{"start":{"line":101,"column":2},"end":{"line":101,"column":17}},"46":{"start":{"line":105,"column":0},"end":{"line":113,"column":2}},"47":{"start":{"line":106,"column":22},"end":{"line":106,"column":55}},"48":{"start":{"line":107,"column":2},"end":{"line":109,"column":3}},"49":{"start":{"line":108,"column":4},"end":{"line":108,"column":51}},"50":{"start":{"line":111,"column":19},"end":{"line":111,"column":95}},"51":{"start":{"line":112,"column":2},"end":{"line":112,"column":17}}},"fnMap":{"0":{"name":"(anonymous_0)","decl":{"start":{"line":4,"column":26},"end":{"line":4,"column":27}},"loc":{"start":{"line":4,"column":38},"end":{"line":7,"column":1}},"line":4},"1":{"name":"(anonymous_1)","decl":{"start":{"line":10,"column":29},"end":{"line":10,"column":30}},"loc":{"start":{"line":10,"column":43},"end":{"line":13,"column":1}},"line":10},"2":{"name":"(anonymous_2)","decl":{"start":{"line":16,"column":34},"end":{"line":16,"column":35}},"loc":{"start":{"line":16,"column":56},"end":{"line":19,"column":1}},"line":16},"3":{"name":"(anonymous_3)","decl":{"start":{"line":22,"column":37},"end":{"line":22,"column":38}},"loc":{"start":{"line":22,"column":59},"end":{"line":25,"column":1}},"line":22},"4":{"name":"(anonymous_4)","decl":{"start":{"line":28,"column":28},"end":{"line":28,"column":29}},"loc":{"start":{"line":28,"column":85},"end":{"line":67,"column":1}},"line":28},"5":{"name":"(anonymous_5)","decl":{"start":{"line":70,"column":28},"end":{"line":70,"column":29}},"loc":{"start":{"line":70,"column":65},"end":{"line":102,"column":1}},"line":70},"6":{"name":"(anonymous_6)","decl":{"start":{"line":105,"column":28},"end":{"line":105,"column":29}},"loc":{"start":{"line":105,"column":42},"end":{"line":113,"column":1}},"line":105}},"branchMap":{"0":{"loc":{"start":{"line":29,"column":2},"end":{"line":31,"column":3}},"type":"if","locations":[{"start":{"line":29,"column":2},"end":{"line":31,"column":3}},{"start":{},"end":{}}],"line":29},"1":{"loc":{"start":{"line":35,"column":2},"end":{"line":37,"column":3}},"type":"if","locations":[{"start":{"line":35,"column":2},"end":{"line":37,"column":3}},{"start":{},"end":{}}],"line":35},"2":{"loc":{"start":{"line":41,"column":2},"end":{"line":43,"column":3}},"type":"if","locations":[{"start":{"line":41,"column":2},"end":{"line":43,"column":3}},{"start":{},"end":{}}],"line":41},"3":{"loc":{"start":{"line":47,"column":2},"end":{"line":49,"column":3}},"type":"if","locations":[{"start":{"line":47,"column":2},"end":{"line":49,"column":3}},{"start":{},"end":{}}],"line":47},"4":{"loc":{"start":{"line":58,"column":2},"end":{"line":60,"column":3}},"type":"if","locations":[{"start":{"line":58,"column":2},"end":{"line":60,"column":3}},{"start":{},"end":{}}],"line":58},"5":{"loc":{"start":{"line":72,"column":2},"end":{"line":74,"column":3}},"type":"if","locations":[{"start":{"line":72,"column":2},"end":{"line":74,"column":3}},{"start":{},"end":{}}],"line":72},"6":{"loc":{"start":{"line":76,"column":2},"end":{"line":78,"column":3}},"type":"if","locations":[{"start":{"line":76,"column":2},"end":{"line":78,"column":3}},{"start":{},"end":{}}],"line":76},"7":{"loc":{"start":{"line":82,"column":2},"end":{"line":84,"column":3}},"type":"if","locations":[{"start":{"line":82,"column":2},"end":{"line":84,"column":3}},{"start":{},"end":{}}],"line":82},"8":{"loc":{"start":{"line":93,"column":2},"end":{"line":95,"column":3}},"type":"if","locations":[{"start":{"line":93,"column":2},"end":{"line":95,"column":3}},{"start":{},"end":{}}],"line":93},"9":{"loc":{"start":{"line":107,"column":2},"end":{"line":109,"column":3}},"type":"if","locations":[{"start":{"line":107,"column":2},"end":{"line":109,"column":3}},{"start":{},"end":{}}],"line":107}},"s":{"0":1,"1":1,"2":0,"3":0,"4":1,"5":0,"6":0,"7":1,"8":0,"9":0,"10":1,"11":0,"12":0,"13":1,"14":0,"15":0,"16":0,"17":0,"18":0,"19":0,"20":0,"21":0,"22":0,"23":0,"24":0,"25":0,"26":0,"27":0,"28":0,"29":0,"30":0,"31":1,"32":0,"33":0,"34":0,"35":0,"36":0,"37":0,"38":0,"39":0,"40":0,"41":0,"42":0,"43":0,"44":0,"45":0,"46":1,"47":0,"48":0,"49":0,"50":0,"51":0},"f":{"0":0,"1":0,"2":0,"3":0,"4":0,"5":0,"6":0},"b":{"0":[0,0],"1":[0,0],"2":[0,0],"3":[0,0],"4":[0,0],"5":[0,0],"6":[0,0],"7":[0,0],"8":[0,0],"9":[0,0]},"_coverageSchema":"1a1c01bbd47fc00a2c39e90264f33305004495a9","hash":"5890ca03916f7a9e30298da6d745881eddf1be76","contentHash":"0a357cd48dc4a15c8ffed48605069ddc8ab094c8e1005f2d68d78da47f43d91d"},"C:\\Users\\User\\Desktop\\ufcg - 2024.1\\pdw\\projeto\\src\\routes\\exercicioRoutes.js":{"path":"C:\\Users\\User\\Desktop\\ufcg - 2024.1\\pdw\\projeto\\src\\routes\\exercicioRoutes.js","statementMap":{"0":{"start":{"line":1,"column":16},"end":{"line":1,"column":34}},"1":{"start":{"line":2,"column":15},"end":{"line":2,"column":31}},"2":{"start":{"line":3,"column":28},"end":{"line":3,"column":73}},"3":{"start":{"line":4,"column":30},"end":{"line":4,"column":69}},"4":{"start":{"line":25,"column":0},"end":{"line":25,"column":70}},"5":{"start":{"line":48,"column":0},"end":{"line":48,"column":76}},"6":{"start":{"line":83,"column":0},"end":{"line":83,"column":73}},"7":{"start":{"line":125,"column":0},"end":{"line":125,"column":75}},"8":{"start":{"line":148,"column":0},"end":{"line":148,"column":78}},"9":{"start":{"line":150,"column":0},"end":{"line":150,"column":24}}},"fnMap":{},"branchMap":{},"s":{"0":1,"1":1,"2":1,"3":1,"4":1,"5":1,"6":1,"7":1,"8":1,"9":1},"f":{},"b":{},"_coverageSchema":"1a1c01bbd47fc00a2c39e90264f33305004495a9","hash":"ba127ac9e1f077a246ddde30f59dad31f4076d04","contentHash":"4086ffa148cfa78e741a68d67baf895581c4180aca17e8905108138c2cfe3665"},"C:\\Users\\User\\Desktop\\ufcg - 2024.1\\pdw\\projeto\\src\\controllers\\exercicioController.js":{"path":"C:\\Users\\User\\Desktop\\ufcg - 2024.1\\pdw\\projeto\\src\\controllers\\exercicioController.js","statementMap":{"0":{"start":{"line":1,"column":25},"end":{"line":1,"column":64}},"1":{"start":{"line":2,"column":22},"end":{"line":2,"column":58}},"2":{"start":{"line":5,"column":0},"end":{"line":12,"column":2}},"3":{"start":{"line":6,"column":2},"end":{"line":11,"column":3}},"4":{"start":{"line":7,"column":23},"end":{"line":7,"column":61}},"5":{"start":{"line":8,"column":4},"end":{"line":8,"column":25}},"6":{"start":{"line":10,"column":4},"end":{"line":10,"column":66}},"7":{"start":{"line":15,"column":0},"end":{"line":28,"column":2}},"8":{"start":{"line":16,"column":2},"end":{"line":27,"column":3}},"9":{"start":{"line":17,"column":19},"end":{"line":17,"column":29}},"10":{"start":{"line":18,"column":22},"end":{"line":18,"column":65}},"11":{"start":{"line":20,"column":4},"end":{"line":22,"column":5}},"12":{"start":{"line":21,"column":6},"end":{"line":21,"column":74}},"13":{"start":{"line":24,"column":4},"end":{"line":24,"column":24}},"14":{"start":{"line":26,"column":4},"end":{"line":26,"column":65}},"15":{"start":{"line":31,"column":0},"end":{"line":58,"column":2}},"16":{"start":{"line":32,"column":2},"end":{"line":57,"column":3}},"17":{"start":{"line":33,"column":71},"end":{"line":33,"column":79}},"18":{"start":{"line":35,"column":4},"end":{"line":37,"column":5}},"19":{"start":{"line":36,"column":6},"end":{"line":36,"column":82}},"20":{"start":{"line":39,"column":4},"end":{"line":41,"column":5}},"21":{"start":{"line":40,"column":6},"end":{"line":40,"column":93}},"22":{"start":{"line":43,"column":4},"end":{"line":45,"column":5}},"23":{"start":{"line":44,"column":6},"end":{"line":44,"column":78}},"24":{"start":{"line":48,"column":19},"end":{"line":48,"column":76}},"25":{"start":{"line":49,"column":4},"end":{"line":51,"column":5}},"26":{"start":{"line":50,"column":6},"end":{"line":50,"column":94}},"27":{"start":{"line":53,"column":26},"end":{"line":53,"column":111}},"28":{"start":{"line":54,"column":4},"end":{"line":54,"column":97}},"29":{"start":{"line":56,"column":4},"end":{"line":56,"column":81}},"30":{"start":{"line":61,"column":0},"end":{"line":83,"column":2}},"31":{"start":{"line":62,"column":2},"end":{"line":82,"column":3}},"32":{"start":{"line":63,"column":19},"end":{"line":63,"column":29}},"33":{"start":{"line":64,"column":60},"end":{"line":64,"column":68}},"34":{"start":{"line":67,"column":22},"end":{"line":67,"column":65}},"35":{"start":{"line":68,"column":4},"end":{"line":70,"column":5}},"36":{"start":{"line":69,"column":6},"end":{"line":69,"column":74}},"37":{"start":{"line":73,"column":19},"end":{"line":73,"column":86}},"38":{"start":{"line":74,"column":4},"end":{"line":76,"column":5}},"39":{"start":{"line":75,"column":6},"end":{"line":75,"column":63}},"40":{"start":{"line":78,"column":32},"end":{"line":78,"column":119}},"41":{"start":{"line":79,"column":4},"end":{"line":79,"column":95}},"42":{"start":{"line":81,"column":4},"end":{"line":81,"column":68}},"43":{"start":{"line":86,"column":0},"end":{"line":107,"column":2}},"44":{"start":{"line":87,"column":2},"end":{"line":106,"column":3}},"45":{"start":{"line":88,"column":19},"end":{"line":88,"column":29}},"46":{"start":{"line":91,"column":22},"end":{"line":91,"column":65}},"47":{"start":{"line":92,"column":4},"end":{"line":94,"column":5}},"48":{"start":{"line":93,"column":6},"end":{"line":93,"column":74}},"49":{"start":{"line":97,"column":19},"end":{"line":97,"column":86}},"50":{"start":{"line":98,"column":4},"end":{"line":100,"column":5}},"51":{"start":{"line":99,"column":6},"end":{"line":99,"column":63}},"52":{"start":{"line":102,"column":4},"end":{"line":102,"column":47}},"53":{"start":{"line":103,"column":4},"end":{"line":103,"column":61}},"54":{"start":{"line":105,"column":4},"end":{"line":105,"column":66}}},"fnMap":{"0":{"name":"(anonymous_0)","decl":{"start":{"line":5,"column":24},"end":{"line":5,"column":25}},"loc":{"start":{"line":5,"column":44},"end":{"line":12,"column":1}},"line":5},"1":{"name":"(anonymous_1)","decl":{"start":{"line":15,"column":27},"end":{"line":15,"column":28}},"loc":{"start":{"line":15,"column":47},"end":{"line":28,"column":1}},"line":15},"2":{"name":"(anonymous_2)","decl":{"start":{"line":31,"column":26},"end":{"line":31,"column":27}},"loc":{"start":{"line":31,"column":46},"end":{"line":58,"column":1}},"line":31},"3":{"name":"(anonymous_3)","decl":{"start":{"line":61,"column":26},"end":{"line":
[...]
o\\src\\routes\\agendamentoRoutes.js","statementMap":{"0":{"start":{"line":1,"column":16},"end":{"line":1,"column":34}},"1":{"start":{"line":2,"column":15},"end":{"line":2,"column":31}},"2":{"start":{"line":3,"column":30},"end":{"line":3,"column":77}},"3":{"start":{"line":4,"column":30},"end":{"line":4,"column":69}},"4":{"start":{"line":25,"column":0},"end":{"line":25,"column":74}},"5":{"start":{"line":48,"column":0},"end":{"line":48,"column":80}},"6":{"start":{"line":79,"column":0},"end":{"line":79,"column":77}},"7":{"start":{"line":117,"column":0},"end":{"line":117,"column":79}},"8":{"start":{"line":140,"column":0},"end":{"line":140,"column":82}},"9":{"start":{"line":142,"column":0},"end":{"line":142,"column":24}}},"fnMap":{},"branchMap":{},"s":{"0":1,"1":1,"2":1,"3":1,"4":1,"5":1,"6":1,"7":1,"8":1,"9":1},"f":{},"b":{},"_coverageSchema":"1a1c01bbd47fc00a2c39e90264f33305004495a9","hash":"a08e4dd13c28403fdc8d44546bf64b71494d360c","contentHash":"2c78d3a6231a59631045df6ee9c88ce0fcb459f4965f49831fc1439199f91ab7"},"C:\\Users\\User\\Desktop\\ufcg - 2024.1\\pdw\\projeto\\src\\controllers\\agendamentoController.js":{"path":"C:\\Users\\User\\Desktop\\ufcg - 2024.1\\pdw\\projeto\\src\\controllers\\agendamentoController.js","statementMap":{"0":{"start":{"line":1,"column":27},"end":{"line":1,"column":68}},"1":{"start":{"line":3,"column":0},"end":{"line":14,"column":2}},"2":{"start":{"line":4,"column":2},"end":{"line":13,"column":3}},"3":{"start":{"line":5,"column":4},"end":{"line":7,"column":5}},"4":{"start":{"line":6,"column":6},"end":{"line":6,"column":63}},"5":{"start":{"line":9,"column":25},"end":{"line":9,"column":67}},"6":{"start":{"line":10,"column":4},"end":{"line":10,"column":27}},"7":{"start":{"line":12,"column":4},"end":{"line":12,"column":68}},"8":{"start":{"line":17,"column":0},"end":{"line":35,"column":2}},"9":{"start":{"line":18,"column":2},"end":{"line":34,"column":3}},"10":{"start":{"line":19,"column":19},"end":{"line":19,"column":29}},"11":{"start":{"line":20,"column":24},"end":{"line":20,"column":71}},"12":{"start":{"line":22,"column":4},"end":{"line":24,"column":5}},"13":{"start":{"line":23,"column":6},"end":{"line":23,"column":76}},"14":{"start":{"line":27,"column":4},"end":{"line":29,"column":5}},"15":{"start":{"line":28,"column":6},"end":{"line":28,"column":63}},"16":{"start":{"line":31,"column":4},"end":{"line":31,"column":26}},"17":{"start":{"line":33,"column":4},"end":{"line":33,"column":67}},"18":{"start":{"line":38,"column":0},"end":{"line":62,"column":2}},"19":{"start":{"line":39,"column":2},"end":{"line":61,"column":3}},"20":{"start":{"line":40,"column":23},"end":{"line":40,"column":34}},"21":{"start":{"line":41,"column":50},"end":{"line":41,"column":58}},"22":{"start":{"line":43,"column":4},"end":{"line":45,"column":5}},"23":{"start":{"line":44,"column":6},"end":{"line":44,"column":82}},"24":{"start":{"line":47,"column":4},"end":{"line":49,"column":5}},"25":{"start":{"line":48,"column":6},"end":{"line":48,"column":103}},"26":{"start":{"line":51,"column":19},"end":{"line":51,"column":61}},"27":{"start":{"line":52,"column":20},"end":{"line":52,"column":34}},"28":{"start":{"line":53,"column":4},"end":{"line":55,"column":5}},"29":{"start":{"line":54,"column":6},"end":{"line":54,"column":97}},"30":{"start":{"line":57,"column":27},"end":{"line":57,"column":116}},"31":{"start":{"line":58,"column":4},"end":{"line":58,"column":102}},"32":{"start":{"line":60,"column":4},"end":{"line":60,"column":83}},"33":{"start":{"line":65,"column":0},"end":{"line":84,"column":2}},"34":{"start":{"line":66,"column":2},"end":{"line":83,"column":3}},"35":{"start":{"line":67,"column":19},"end":{"line":67,"column":29}},"36":{"start":{"line":68,"column":38},"end":{"line":68,"column":46}},"37":{"start":{"line":70,"column":24},"end":{"line":70,"column":71}},"38":{"start":{"line":71,"column":4},"end":{"line":73,"column":5}},"39":{"start":{"line":72,"column":6},"end":{"line":72,"column":76}},"40":{"start":{"line":75,"column":4},"end":{"line":77,"column":5}},"41":{"start":{"line":76,"column":6},"end":{"line":76,"column":114}},"42":{"start":{"line":79,"column":34},"end":{"line":79,"column":116}},"43":{"start":{"line":80,"column":4},"end":{"line":80,"column":101}},"44":{"start":{"line":82,"column":4},"end":{"line":82,"column":87}},"45":{"start":{"line":87,"column":0},"end":{"line":105,"column":2}},"46":{"start":{"line":88,"column":2},"end":{"line":104,"column":3}},"47":{"start":{"line":89,"column":19},"end":{"line":89,"column":29}},"48":{"start":{"line":91,"column":24},"end":{"line":91,"column":71}},"49":{"start":{"line":92,"column":4},"end":{"line":94,"column":5}},"50":{"start":{"line":93,"column":6},"end":{"line":93,"column":76}},"51":{"start":{"line":96,"column":4},"end":{"line":98,"column":5}},"52":{"start":{"line":97,"column":6},"end":{"line":97,"column":113}},"53":{"start":{"line":100,"column":4},"end":{"line":100,"column":64}},"54":{"start":{"line":101,"column":4},"end":{"line":101,"column":64}},"55":{"start":{"line":103,"column":4},"end":{"line":103,"column":86}}},"fnMap":{"0":{"name":"(anonymous_0)","decl":{"start":{"line":3,"column":26},"end":{"line":3,"column":27}},"loc":{"start":{"line":3,"column":46},"end":{"line":14,"column":1}},"line":3},"1":{"name":"(anonymous_1)","decl":{"start":{"line":17,"column":29},"end":{"line":17,"column":30}},"loc":{"start":{"line":17,"column":49},"end":{"line":35,"column":1}},"line":17},"2":{"name":"(anonymous_2)","decl":{"start":{"line":38,"column":28},"end":{"line":38,"column":29}},"loc":{"start":{"line":38,"column":48},"end":{"line":62,"column":1}},"line":38},"3":{"name":"(anonymous_3)","decl":{"start":{"line":65,"column":28},"end":{"line":65,"column":29}},"loc":{"start":{"line":65,"column":48},"end":{"line":84,"column":1}},"line":65},"4":{"name":"(anonymous_4)","decl":{"start":{"line":87,"column":28},"end":{"line":87,"column":29}},"loc":{"start":{"line":87,"column":48},"end":{"line":105,"column":1}},"line":87}},"branchMap":{"0":{"loc":{"start":{"line":5,"column":4},"end":{"line":7,"column":5}},"type":"if","locations":[{"start":{"line":5,"column":4},"end":{"line":7,"column":5}},{"start":{},"end":{}}],"line":5},"1":{"loc":{"start":{"line":22,"column":4},"end":{"line":24,"column":5}},"type":"if","locations":[{"start":{"line":22,"column":4},"end":{"line":24,"column":5}},{"start":{},"end":{}}],"line":22},"2":{"loc":{"start":{"line":27,"column":4},"end":{"line":29,"column":5}},"type":"if","locations":[{"start":{"line":27,"column":4},"end":{"line":29,"column":5}},{"start":{},"end":{}}],"line":27},"3":{"loc":{"start":{"line":27,"column":8},"end":{"line":27,"column":83}},"type":"binary-expr","locations":[{"start":{"line":27,"column":8},"end":{"line":27,"column":46}},{"start":{"line":27,"column":50},"end":{"line":27,"column":83}}],"line":27},"4":{"loc":{"start":{"line":43,"column":4},"end":{"line":45,"column":5}},"type":"if","locations":[{"start":{"line":43,"column":4},"end":{"line":45,"column":5}},{"start":{},"end":{}}],"line":43},"5":{"loc":{"start":{"line":43,"column":8},"end":{"line":43,"column":48}},"type":"binary-expr","locations":[{"start":{"line":43,"column":8},"end":{"line":43,"column":19}},{"start":{"line":43,"column":23},"end":{"line":43,"column":35}},{"start":{"line":43,"column":39},"end":{"line":43,"column":48}}],"line":43},"6":{"loc":{"start":{"line":47,"column":4},"end":{"line":49,"column":5}},"type":"if","locations":[{"start":{"line":47,"column":4},"end":{"line":49,"column":5}},{"start":{},"end":{}}],"line":47},"7":{"loc":{"start":{"line":53,"column":4},"end":{"line":55,"column":5}},"type":"if","locations":[{"start":{"line":53,"column":4},"end":{"line":55,"column":5}},{"start":{},"end":{}}],"line":53},"8":{"loc":{"start":{"line":60,"column":34},"end":{"line":60,"column":79}},"type":"binary-expr","locations":[{"start":{"line":60,"column":34},"end":{"line":60,"column":47}},{"start":{"line":60,"column":51},"end":{"line":60,"column":79}}],"line":60},"9":{"loc":{"start":{"line":71,"column":4},"end":{"line":73,"column":5}},"type":"if","locations":[{"start":{"line":71,"column":4},"end":{"line":73,"column":5}},{"start":{},"end":{}}],"line":71},"10":{"loc":{"start":{"line":75,"column":4},"end":{"line":77,"column":5}},"type":"if","locations":[{"start":{"line":75,"column":4},"end":{"line":77,"column":5}},{"start":{},"end":{}}],"line":75},"11":{"loc":{"start":{"line":82,"column":34},"end":{"line":82,"column":83}},"type":"binary-expr","locations":[{"start":{"line":82,"column":34},"end":{"line":82,"column":47}},{"start":{"line":82,"column":51},"end":{"line":82,"column":83}}],"line":82},"12":{"loc":{"start":{"line":92,"column":4},"end":{"line":94,"column":5}},"type":"if","locations":[{"start":{"line":92,"column":4},"end":{"line":94,"column":5}},{"start":{},"end":{}}],"line":92},"13":{"loc":{"start":{"line":96,"column":4},"end":{"line":98,"column":5}},"type":"if","locations":[{"start":{"line":96,"column":4},"end":{"line":98,"column":5}},{"start":{},"end":{}}],"line":96},"14":{"loc":{"start":{"line":103,"column":34},"end":{"line":103,"column":82}},"type":"binary-expr","locations":[{"start":{"line":103,"column":34},"end":{"line":103,"column":47}},{"start":{"line":103,"column":51},"end":{"line":103,"column":82}}],"line":103}},"s":{"0":1,"1":1,"2":0,"3":0,"4":0,"5":0,"6":0,"7":0,"8":1,"9":0,"10":0,"11":0,"12":0,"13":0,"14":0,"15":0,"16":0,"17":0,"18":1,"19":0,"20":0,"21":0,"22":0,"23":0,"24":0,"25":0,"26":0,"27":0,"28":0,"29":0,"30":0,"31":0,"32":0,"33":1,"34":0,"35":0,"36":0,"37":0,"38":0,"39":0,"40":0,"41":0,"42":0,"43":0,"44":0,"45":1,"46":0,"47":0,"48":0,"49":0,"50":0,"51":0,"52":0,"53":0,"54":0,"55":0},"f":{"0":0,"1":0,"2":0,"3":0,"4":0},"b":{"0":[0,0],"1":[0,0],"2":[0,0],"3":[0,0],"4":[0,0],"5":[0,0,0],"6":[0,0],"7":[0,0],"8":[0,0],"9":[0,0],"10":[0,0],"11":[0,0],"12":[0,0],"13":[0,0],"14":[0,0]},"_coverageSchema":"1a1c01bbd47fc00a2c39e90264f33305004495a9","hash":"4e065443e1b2dc21ba73553e2bbe6589598bce52","contentHash":"03c1b5cd473bd2398a68c0a9d7d6ddb6c149f1120b142969eba3f4d63fae8a2e"},"C:\\Users\\User\\Desktop\\ufcg - 2024.1\\pdw\\projeto\\src\\services\\agendamentoService.js":{"path":"C:\\Users\\User\\Desktop\\ufcg - 2024.1\\pdw\\projeto\\src\\services\\agendamentoService.js","statementMap":{"0":{"start":{"line":1,"column":25},"end":{"line":1,"column":62}},"1":{"start":{"line":2,"column":18},"end":{"line":2,"column":48}},"2":{"start":{"line":3,"column":21},"end":{"line":3,"column":54}},"3":{"start":{"line":6,"column":0},"end":{"line":12,"column":2}},"4":{"start":{"line":7,"column":2},"end":{"line":11,"column":3}},"5":{"start":{"line":8,"column":4},"end":{"line":8,"column":52}},"6":{"start":{"line":10,"column":4},"end":{"line":10,"column":52}},"7":{"start":{"line":15,"column":0},"end":{"line":25,"column":2}},"8":{"start":{"line":16,"column":2},"end":{"line":24,"column":3}},"9":{"start":{"line":17,"column":24},"end":{"line":17,"column":69}},"10":{"start":{"line":18,"column":4},"end":{"line":20,"column":5}},"11":{"start":{"line":19,"column":6},"end":{"line":19,"column":53}},"12":{"start":{"line":21,"column":4},"end":{"line":21,"column":23}},"13":{"start":{"line":23,"column":4},"end":{"line":23,"column":51}},"14":{"start":{"line":27,"column":0},"end":{"line":62,"column":2}},"15":{"start":{"line":28,"column":2},"end":{"line":61,"column":3}},"16":{"start":{"line":30,"column":31},"end":{"line":33,"column":6}},"17":{"start":{"line":35,"column":4},"end":{"line":35,"column":61}},"18":{"start":{"line":35,"column":18},"end":{"line":35,"column":61}},"19":{"start":{"line":36,"column":4},"end":{"line":36,"column":61}},"20":{"start":{"line":36,"column":18},"end":{"line":36,"column":61}},"21":{"start":{"line":39,"column":28},"end":{"line":39,"column":59}},"22":{"start":{"line":40,"column":25},"end":{"line":40,"column":53}},"23":{"start":{"line":42,"column":4},"end":{"line":44,"column":5}},"24":{"start":{"line":43,"column":6},"end":{"line":43,"column":80}},"25":{"start":{"line":47,"column":32},"end":{"line":47,"column":123}},"26":{"start":{"line":48,"column":4},"end":{"line":50,"column":5}},"27":{"start":{"line":49,"column":6},"end":{"line":49,"column":88}},"28":{"start":{"line":53,"column":18},"end":{"line":53,"column":93}},"29":{"start":{"line":56,"column":19},"end":{"line":56,"column":57}},"30":{"start":{"line":58,"column":4},"end":{"line":58,"column":107}},"31":{"start":{"line":60,"column":4},"end":{"line":60,"column":67}},"32":{"start":{"line":64,"column":0},"end":{"line":84,"column":2}},"33":{"start":{"line":65,"column":2},"end":{"line":83,"column":3}},"34":{"start":{"line":66,"column":24},"end":{"line":66,"column":81}},"35":{"start":{"line":67,"column":4},"end":{"line":67,"column":69}},"36":{"start":{"line":67,"column":22},"end":{"line":67,"column":69}},"37":{"start":{"line":68,"column":4},"end":{"line":68,"column":117}},"38":{"start":{"line":68,"column":47},"end":{"line":68,"column":117}},"39":{"start":{"line":70,"column":28},"end":{"line":70,"column":59}},"40":{"start":{"line":71,"column":25},"end":{"line":71,"column":53}},"41":{"start":{"line":73,"column":4},"end":{"line":73,"column":114}},"42":{"start":{"line":73,"column":39},"end":{"line":73,"column":114}},"43":{"start":{"line":75,"column":4},"end":{"line":78,"column":5}},"44":{"start":{"line":77,"column":6},"end":{"line":77,"column":54}},"45":{"start":{"line":80,"column":4},"end":{"line":80,"column":91}},"46":{"start":{"line":82,"column":4},"end":{"line":82,"column":71}},"47":{"start":{"line":86,"column":0},"end":{"line":104,"column":2}},"48":{"start":{"line":87,"column":2},"end":{"line":103,"column":3}},"49":{"start":{"line":88,"column":24},"end":{"line":88,"column":81}},"50":{"start":{"line":89,"column":4},"end":{"line":89,"column":69}},"51":{"start":{"line":89,"column":22},"end":{"line":89,"column":69}},"52":{"start":{"line":90,"column":4},"end":{"line":90,"column":116}},"53":{"start":{"line":90,"column":47},"end":{"line":90,"column":116}},"54":{"start":{"line":91,"column":4},"end":{"line":91,"column":140}},"55":{"start":{"line":91,"column":67},"end":{"line":91,"column":140}},"56":{"start":{"line":93,"column":4},"end":{"line":93,"column":61}},"57":{"start":{"line":95,"column":24},"end":{"line":95,"column":132}},"58":{"start":{"line":96,"column":4},"end":{"line":98,"column":5}},"59":{"start":{"line":97,"column":6},"end":{"line":97,"column":83}},"60":{"start":{"line":100,"column":4},"end":{"line":100,"column":48}},"61":{"start":{"line":102,"column":4},"end":{"line":102,"column":70}}},"fnMap":{"0":{"name":"(anonymous_0)","decl":{"start":{"line":6,"column":26},"end":{"line":6,"column":27}},"loc":{"start":{"line":6,"column":38},"end":{"line":12,"column":1}},"line":6},"1":{"name":"(anonymous_1)","decl":{"start":{"line":15,"column":29},"end":{"line":15,"column":30}},"loc":{"start":{"line":15,"column":43},"end":{"line":25,"column":1}},"line":15},"2":{"name":"(anonymous_2)","decl":{"start":{"line":27,"column":28},"end":{"line":27,"column":29}},"loc":{"start":{"line":27,"column":85},"end":{"line":62,"column":1}},"line":27},"3":{"name":"(anonymous_3)","decl":{"start":{"line":64,"column":28},"end":{"line":64,"column":29}},"loc":{"start":{"line":64,"column":89},"end":{"line":84,"column":1}},"line":64},"4":{"name":"(anonymous_4)","decl":{"start":{"line":86,"column":28},"end":{"line":86,"column":29}},"loc":{"start":{"line":86,"column":66},"end":{"line":104,"column":1}},"line":86}},"branchMap":{"0":{"loc":{"start":{"line":18,"column":4},"end":{"line":20,"column":5}},"type":"if","locations":[{"start":{"line":18,"column":4},"end":{"line":20,"column":5}},{"start":{},"end":{}}],"line":18},"1":{"loc":{"start":{"line":35,"column":4},"end":{"line":35,"column":61}},"type":"if","locations":[{"start":{"line":35,"column":4},"end":{"line":35,"column":61}},{"start":{},"end":{}}],"line":35},"2":{"loc":{"start":{"line":36,"column":4},"end":{"line":36,"column":61}},"type":"if","locations":[{"start":{"line":36,"column":4},"end":{"line":36,"column":61}},{"start":{},"end":{}}],"line":36},"3":{"loc":{"start":{"line":42,"column":4},"end":{"line":44,"column":5}},"type":"if","locations":[{"start":{"line":42,"column":4},"end":{"line":44,"column":5}},{"start":{},"end":{}}],"line":42},"4":{"loc":{"start":{"line":48,"column":4},"end":{"line":50,"column":5}},"type":"if","locations":[{"start":{"line":48,"column":4},"end":{"line":50,"column":5}},{"start":{},"end":{}}],"line":48},"5":{"loc":{"start":{"line":56,"column":19},"end":{"line":56,"column":57}},"type":"cond-expr","locations":[{"start":{"line":56,"column":32},"end":{"line":56,"column":42}},{"start":{"line":56,"column":45},"end":{"line":56,"column":57}}],"line":56},"6":{"loc":{"start":{"line":60,"column":20},"end":{"line":60,"column":65}},"type":"binary-expr","locations":[{"start":{"line":60,"column":20},"end":{"line":60,"column":33}},{"start":{"line":60,"column":37},"end":{"line":60,"column":65}}],"line":60},"7":{"loc":{"start":{"line":67,"column":4},"end":{"line":67,"column":69}},"type":"if","locations":[{"start":{"line":67,"column":4},"end":{"line":67,"column":69}},{"start":{},"end":{}}],"line":67},"8":{"loc":{"start":{"line":68,"column":4},"end":{"line":68,"column":117}},"type":"if","locations":[{"start":{"line":68,"column":4},"end":{"line":68,"column":117}},{"start":{},"end":{}}],"line":68},"9":{"loc":{"start":{"line":73,"column":4},"end":{"line":73,"column":114}},"type":"if","locations":[{"start":{"line":73,"column":4},"end":{"line":73,"column":114}},{"start":{},"end":{}}],"line":73},"10":{"loc":{"start":{"line":75,"column":4},"end":{"line":78,"column":5}},"type":"if","locations":[{"start":{"line":75,"column":4},"end":{"line":78,"column":5}},{"start":{},"end":{}}],"line":75},"11":{"loc":{"start":{"line":75,"column":8},"end":{"line":76,"column":55}},"type":"binary-expr","locations":[{"start":{"line":75,"column":8},"end":{"line":75,"column":61}},{"start":{"line":76,"column":8},"end":{"line":76,"column":55}}],"line":75},"12":{"loc":{"start":{"line":82,"column":20},"end":{"line":82,"column":69}},"type":"binary-expr","locations":[{"start":{"line":82,"column":20},"end":{"line":82,"column":33}},{"start":{"line":82,"column":37},"end":{"line":82,"column":69}}],"line":82},"13":{"loc":{"start":{"line":89,"column":4},"end":{"line":89,"column":69}},"type":"if","locations":[{"start":{"line":89,"column":4},"end":{"line":89,"column":69}},{"start":{},"end":{}}],"line":89},"14":{"loc":{"start":{"line":90,"column":4},"end":{"line":90,"column":116}},"type":"if","locations":[{"start":{"line":90,"column":4},"end":{"line":90,"column":116}},{"start":{},"end":{}}],"line":90},"15":{"loc":{"start":{"line":91,"column":4},"end":{"line":91,"column":140}},"type":"if","locations":[{"start":{"line":91,"column":4},"end":{"line":91,"column":140}},{"start":{},"end":{}}],"line":91},"16":{"loc":{"start":{"line":96,"column":4},"end":{"line":98,"column":5}},"type":"if","locations":[{"start":{"line":96,"column":4},"end":{"line":98,"column":5}},{"start":{},"end":{}}],"line":96},"17":{"loc":{"start":{"line":102,"column":20},"end":{"line":102,"column":68}},"type":"binary-expr","locations":[{"start":{"line":102,"column":20},"end":{"line":102,"column":33}},{"start":{"line":102,"column":37},"end":{"line":102,"column":68}}],"line":102}},"s":{"0":1,"1":1,"2":1,"3":1,"4":0,"5":0,"6":0,"7":1,"8":0,"9":0,"10":0,"11":0,"12":0,"13":0,"14":1,"15":0,"16":0,"17":0,"18":0,"19":0,"20":0,"21":0,"22":0,"23":0,"24":0,"25":0,"26":0,"27":0,"28":0,"29":0,"30":0,"31":0,"32":1,"33":0,"34":0,"35":0,"36":0,"37":0,"38":0,"39":0,"40":0,"41":0,"42":0,"43":0,"44":0,"45":0,"46":0,"47":1,"48":0,"49":0,"50":0,"51":0,"52":0,"53":0,"54":0,"55":0,"56":0,"57":0,"58":0,"59":0,"60":0,"61":0},"f":{"0":0,"1":0,"2":0,"3":0,"4":0},"b":{"0":[0,0],"1":[0,0],"2":[0,0],"3":[0,0],"4":[0,0],"5":[0,0],"6":[0,0],"7":[0,0],"8":[0,0],"9":[0,0],"10":[0,0],"11":[0,0],"12":[0,0],"13":[0,0],"14":[0,0],"15":[0,0],"16":[0,0],"17":[0,0]},"_coverageSchema":"1a1c01bbd47fc00a2c39e90264f33305004495a9","hash":"7b9bd9c2009b9c9b489529b088ed26346253d351","contentHash":"c17e175897e156f9c723f1e8a96a371a1a04f169587fc39b2ff83f0aa5d28f27"}}